TN:
SF:src/app.ts
FN:14,(anonymous_1)
FNF:1
FNH:0
FNDA:0,(anonymous_1)
DA:1,0
DA:2,0
DA:3,0
DA:4,0
DA:5,0
DA:7,0
DA:9,0
DA:11,0
DA:12,0
DA:14,0
DA:15,0
DA:16,0
DA:19,0
DA:20,0
DA:22,0
LF:15
LH:0
BRF:0
BRH:0
end_of_record
TN:
SF:src/index.ts
FN:7,(anonymous_1)
FN:9,(anonymous_2)
FN:13,(anonymous_3)
FNF:3
FNH:0
FNDA:0,(anonymous_1)
FNDA:0,(anonymous_2)
FNDA:0,(anonymous_3)
DA:1,0
DA:2,0
DA:4,0
DA:6,0
DA:8,0
DA:9,0
DA:10,0
DA:14,0
LF:8
LH:0
BRDA:4,0,0,0
BRDA:4,0,1,0
BRF:2
BRH:0
end_of_record
TN:
SF:src/controllers/stockController.ts
FN:23,(anonymous_8)
FN:28,(anonymous_10)
FN:33,(anonymous_12)
FN:38,(anonymous_13)
FN:41,(anonymous_14)
FN:41,(anonymous_15)
FN:55,(anonymous_16)
FN:59,(anonymous_17)
FN:66,(anonymous_18)
FN:72,(anonymous_19)
FN:73,(anonymous_20)
FN:73,(anonymous_21)
FN:110,(anonymous_22)
FN:115,(anonymous_23)
FN:118,(anonymous_24)
FN:118,(anonymous_25)
FN:145,(anonymous_26)
FN:150,(anonymous_27)
FN:153,(anonymous_28)
FN:153,(anonymous_29)
FN:182,(anonymous_30)
FN:187,(anonymous_31)
FN:192,(anonymous_32)
FN:197,(anonymous_33)
FN:200,(anonymous_34)
FN:200,(anonymous_35)
FN:226,(anonymous_36)
FN:230,(anonymous_37)
FN:236,(anonymous_38)
FN:239,(anonymous_39)
FN:249,(anonymous_40)
FN:283,(anonymous_41)
FN:288,(anonymous_42)
FN:293,(anonymous_43)
FN:297,(anonymous_44)
FN:298,(anonymous_45)
FN:300,(anonymous_46)
FN:304,(anonymous_47)
FNF:38
FNH:38
FNDA:24,(anonymous_8)
FNDA:19,(anonymous_10)
FNDA:18,(anonymous_12)
FNDA:18,(anonymous_13)
FNDA:16,(anonymous_14)
FNDA:16,(anonymous_15)
FNDA:1,(anonymous_16)
FNDA:17,(anonymous_17)
FNDA:7,(anonymous_18)
FNDA:11,(anonymous_19)
FNDA:17,(anonymous_20)
FNDA:17,(anonymous_21)
FNDA:6,(anonymous_22)
FNDA:1,(anonymous_23)
FNDA:2,(anonymous_24)
FNDA:2,(anonymous_25)
FNDA:1,(anonymous_26)
FNDA:2,(anonymous_27)
FNDA:2,(anonymous_28)
FNDA:2,(anonymous_29)
FNDA:1,(anonymous_30)
FNDA:1,(anonymous_31)
FNDA:1,(anonymous_32)
FNDA:1,(anonymous_33)
FNDA:5,(anonymous_34)
FNDA:5,(anonymous_35)
FNDA:4,(anonymous_36)
FNDA:5,(anonymous_37)
FNDA:3,(anonymous_38)
FNDA:1,(anonymous_39)
FNDA:2,(anonymous_40)
FNDA:1,(anonymous_41)
FNDA:1,(anonymous_42)
FNDA:1,(anonymous_43)
FNDA:1,(anonymous_44)
FNDA:2,(anonymous_45)
FNDA:14,(anonymous_46)
FNDA:3,(anonymous_47)
DA:2,1
DA:3,1
DA:4,1
DA:5,1
DA:6,1
DA:7,1
DA:19,1
DA:20,1
DA:22,1
DA:24,24
DA:25,24
DA:29,19
DA:33,1
DA:38,18
DA:39,18
DA:41,18
DA:42,16
DA:43,16
DA:44,15
DA:45,15
DA:46,15
DA:48,15
DA:51,1
DA:55,18
DA:56,1
DA:59,18
DA:60,17
DA:61,1
DA:66,1
DA:67,7
DA:68,7
DA:72,1
DA:73,17
DA:74,17
DA:76,17
DA:77,17
DA:78,0
DA:79,0
DA:80,0
DA:83,17
DA:85,17
DA:86,15
DA:89,17
DA:90,2
DA:93,17
DA:94,0
DA:95,17
DA:96,0
DA:99,17
DA:100,1
DA:103,17
DA:107,1
DA:110,6
DA:115,1
DA:118,2
DA:119,2
DA:120,2
DA:121,2
DA:123,2
DA:124,1
DA:125,1
DA:126,1
DA:129,1
DA:130,1
DA:131,0
DA:132,0
DA:135,1
DA:145,1
DA:150,2
DA:153,2
DA:154,2
DA:155,2
DA:157,2
DA:158,2
DA:159,0
DA:160,0
DA:163,2
DA:164,2
DA:169,2
DA:170,2
DA:171,1
DA:172,1
DA:173,1
DA:176,1
DA:182,1
DA:187,1
DA:192,1
DA:197,1
DA:200,5
DA:201,5
DA:203,5
DA:204,5
DA:206,5
DA:207,2
DA:210,5
DA:211,2
DA:212,1
DA:213,1
DA:217,4
DA:218,4
DA:219,4
DA:220,0
DA:221,0
DA:224,4
DA:225,4
DA:226,4
DA:227,4
DA:228,4
DA:231,5
DA:232,5
DA:233,5
DA:234,5
DA:237,3
DA:240,1
DA:244,3
DA:245,1
DA:248,3
DA:249,3
DA:251,3
DA:252,3
DA:254,3
DA:256,3
DA:257,3
DA:259,3
DA:261,3
DA:274,3
DA:275,3
DA:277,1
DA:283,1
DA:288,1
DA:293,1
DA:297,1
DA:298,1
DA:299,2
DA:300,14
DA:304,1
DA:305,3
DA:306,3
DA:318,3
DA:321,1
DA:322,1
LF:141
LH:130
BRDA:25,0,0,0
BRDA:25,0,1,24
BRDA:37,1,0,0
BRDA:44,2,0,15
BRDA:45,3,0,15
BRDA:60,4,0,1
BRDA:60,5,0,17
BRDA:60,5,1,2
BRDA:66,6,0,5
BRDA:67,7,0,7
BRDA:77,8,0,0
BRDA:85,9,0,15
BRDA:89,10,0,2
BRDA:89,11,0,17
BRDA:89,11,1,2
BRDA:93,12,0,0
BRDA:93,12,1,17
BRDA:93,13,0,17
BRDA:93,13,1,0
BRDA:95,14,0,0
BRDA:99,15,0,1
BRDA:99,16,0,17
BRDA:99,16,1,1
BRDA:121,17,0,2
BRDA:121,17,1,0
BRDA:123,18,0,1
BRDA:123,19,0,2
BRDA:123,19,1,2
BRDA:130,20,0,0
BRDA:137,21,0,1
BRDA:137,21,1,0
BRDA:150,22,0,2
BRDA:150,22,1,0
BRDA:158,23,0,0
BRDA:171,24,0,1
BRDA:201,25,0,3
BRDA:203,26,0,5
BRDA:203,26,1,1
BRDA:206,27,0,2
BRDA:206,28,0,5
BRDA:206,28,1,3
BRDA:210,29,0,2
BRDA:210,30,0,5
BRDA:210,30,1,2
BRDA:210,30,2,2
BRDA:210,30,3,0
BRDA:211,31,0,1
BRDA:217,32,0,4
BRDA:217,32,1,3
BRDA:219,33,0,0
BRDA:244,34,0,1
BRDA:244,35,0,3
BRDA:244,35,1,1
BRDA:300,36,0,14
BRDA:300,36,1,6
BRF:55
BRH:42
end_of_record
TN:
SF:src/controllers/userController.ts
FN:4,(anonymous_8)
FN:4,(anonymous_9)
FN:13,(anonymous_10)
FN:13,(anonymous_11)
FN:28,(anonymous_12)
FN:28,(anonymous_13)
FN:46,(anonymous_14)
FN:46,(anonymous_15)
FNF:8
FNH:0
FNDA:0,(anonymous_8)
FNDA:0,(anonymous_9)
FNDA:0,(anonymous_10)
FNDA:0,(anonymous_11)
FNDA:0,(anonymous_12)
FNDA:0,(anonymous_13)
FNDA:0,(anonymous_14)
FNDA:0,(anonymous_15)
DA:2,0
DA:4,0
DA:5,0
DA:6,0
DA:7,0
DA:9,0
DA:13,0
DA:14,0
DA:15,0
DA:16,0
DA:22,0
DA:24,0
DA:28,0
DA:29,0
DA:30,0
DA:31,0
DA:32,0
DA:37,0
DA:38,0
DA:40,0
DA:42,0
DA:46,0
DA:47,0
DA:48,0
DA:49,0
DA:50,0
DA:51,0
DA:53,0
DA:55,0
DA:59,0
LF:30
LH:0
BRDA:37,0,0,0
BRDA:50,1,0,0
BRF:2
BRH:0
end_of_record
TN:
SF:src/models/userModel.ts
FNF:0
FNH:0
DA:1,0
DA:10,0
DA:17,0
DA:19,0
LF:4
LH:0
BRF:0
BRH:0
end_of_record
TN:
SF:src/routes/stockRoute.ts
FNF:0
FNH:0
DA:1,0
DA:2,0
DA:4,0
DA:6,0
DA:7,0
DA:8,0
DA:9,0
DA:10,0
DA:11,0
DA:12,0
DA:13,0
DA:14,0
DA:15,0
DA:16,0
DA:17,0
DA:18,0
DA:19,0
DA:21,0
LF:18
LH:0
BRF:0
BRH:0
end_of_record
TN:
SF:src/routes/userRoute.ts
FN:6,(anonymous_1)
FN:7,(anonymous_2)
FNF:2
FNH:0
FNDA:0,(anonymous_1)
FNDA:0,(anonymous_2)
DA:1,0
DA:2,0
DA:4,0
DA:6,0
DA:7,0
DA:8,0
DA:12,0
DA:13,0
DA:14,0
DA:15,0
DA:17,0
LF:11
LH:0
BRF:0
BRH:0
end_of_record
