TN:
SF:src/index.ts
FN:15,(anonymous_1)
FN:24,(anonymous_2)
FN:27,(anonymous_3)
FN:32,(anonymous_4)
FNF:4
FNH:0
FNDA:0,(anonymous_1)
FNDA:0,(anonymous_2)
FNDA:0,(anonymous_3)
FNDA:0,(anonymous_4)
DA:1,0
DA:2,0
DA:3,0
DA:4,0
DA:5,0
DA:6,0
DA:8,0
DA:10,0
DA:12,0
DA:13,0
DA:15,0
DA:16,0
DA:17,0
DA:20,0
DA:21,0
DA:23,0
DA:25,0
DA:28,0
DA:31,0
DA:32,0
DA:33,0
LF:21
LH:0
BRDA:31,0,0,0
BRDA:31,0,1,0
BRF:2
BRH:0
end_of_record
TN:
SF:src/controllers/stockController.ts
FN:23,(anonymous_8)
FN:28,(anonymous_10)
FN:33,(anonymous_12)
FN:38,(anonymous_13)
FN:41,(anonymous_14)
FN:41,(anonymous_15)
FN:55,(anonymous_16)
FN:59,(anonymous_17)
FN:66,(anonymous_18)
FN:72,(anonymous_19)
FN:73,(anonymous_20)
FN:73,(anonymous_21)
FN:109,(anonymous_22)
FN:114,(anonymous_23)
FN:117,(anonymous_24)
FN:117,(anonymous_25)
FN:143,(anonymous_26)
FN:148,(anonymous_27)
FN:151,(anonymous_28)
FN:151,(anonymous_29)
FN:180,(anonymous_30)
FN:185,(anonymous_31)
FN:190,(anonymous_32)
FN:195,(anonymous_33)
FN:198,(anonymous_34)
FN:198,(anonymous_35)
FN:224,(anonymous_36)
FN:228,(anonymous_37)
FN:234,(anonymous_38)
FN:237,(anonymous_39)
FN:247,(anonymous_40)
FN:281,(anonymous_41)
FN:286,(anonymous_42)
FN:291,(anonymous_43)
FN:295,(anonymous_44)
FN:296,(anonymous_45)
FN:298,(anonymous_46)
FN:302,(anonymous_47)
FNF:38
FNH:7
FNDA:1,(anonymous_8)
FNDA:0,(anonymous_10)
FNDA:1,(anonymous_12)
FNDA:1,(anonymous_13)
FNDA:0,(anonymous_14)
FNDA:0,(anonymous_15)
FNDA:0,(anonymous_16)
FNDA:0,(anonymous_17)
FNDA:0,(anonymous_18)
FNDA:11,(anonymous_19)
FNDA:1,(anonymous_20)
FNDA:1,(anonymous_21)
FNDA:1,(anonymous_22)
FNDA:0,(anonymous_23)
FNDA:0,(anonymous_24)
FNDA:0,(anonymous_25)
FNDA:0,(anonymous_26)
FNDA:0,(anonymous_27)
FNDA:0,(anonymous_28)
FNDA:0,(anonymous_29)
FNDA:0,(anonymous_30)
FNDA:0,(anonymous_31)
FNDA:0,(anonymous_32)
FNDA:0,(anonymous_33)
FNDA:0,(anonymous_34)
FNDA:0,(anonymous_35)
FNDA:0,(anonymous_36)
FNDA:0,(anonymous_37)
FNDA:0,(anonymous_38)
FNDA:0,(anonymous_39)
FNDA:0,(anonymous_40)
FNDA:0,(anonymous_41)
FNDA:0,(anonymous_42)
FNDA:0,(anonymous_43)
FNDA:0,(anonymous_44)
FNDA:0,(anonymous_45)
FNDA:0,(anonymous_46)
FNDA:0,(anonymous_47)
DA:2,1
DA:3,1
DA:4,1
DA:5,1
DA:6,1
DA:7,1
DA:19,1
DA:20,1
DA:22,1
DA:24,1
DA:25,1
DA:29,0
DA:33,1
DA:38,1
DA:39,1
DA:41,1
DA:42,0
DA:43,0
DA:44,0
DA:45,0
DA:46,0
DA:48,0
DA:51,0
DA:55,0
DA:56,0
DA:59,0
DA:60,0
DA:61,0
DA:66,1
DA:67,0
DA:68,0
DA:72,1
DA:73,11
DA:74,1
DA:76,1
DA:77,1
DA:78,0
DA:79,0
DA:82,1
DA:84,1
DA:85,1
DA:88,1
DA:89,0
DA:92,1
DA:93,0
DA:94,1
DA:95,0
DA:98,1
DA:99,0
DA:102,1
DA:106,1
DA:109,1
DA:114,0
DA:117,0
DA:118,0
DA:119,0
DA:120,0
DA:122,0
DA:123,0
DA:124,0
DA:127,0
DA:128,0
DA:129,0
DA:130,0
DA:133,0
DA:143,0
DA:148,0
DA:151,0
DA:152,0
DA:153,0
DA:155,0
DA:156,0
DA:157,0
DA:158,0
DA:161,0
DA:162,0
DA:167,0
DA:168,0
DA:169,0
DA:170,0
DA:171,0
DA:174,0
DA:180,0
DA:185,0
DA:190,0
DA:195,0
DA:198,0
DA:199,0
DA:201,0
DA:202,0
DA:204,0
DA:205,0
DA:208,0
DA:209,0
DA:210,0
DA:211,0
DA:215,0
DA:216,0
DA:217,0
DA:218,0
DA:219,0
DA:222,0
DA:223,0
DA:224,0
DA:225,0
DA:226,0
DA:229,0
DA:230,0
DA:231,0
DA:232,0
DA:235,0
DA:238,0
DA:242,0
DA:243,0
DA:246,0
DA:247,0
DA:249,0
DA:250,0
DA:252,0
DA:254,0
DA:255,0
DA:257,0
DA:259,0
DA:272,0
DA:273,0
DA:275,0
DA:281,0
DA:286,0
DA:291,0
DA:295,1
DA:296,0
DA:297,0
DA:298,0
DA:302,1
DA:303,0
DA:304,0
DA:316,0
DA:319,1
DA:320,1
LF:139
LH:35
BRDA:25,0,0,0
BRDA:25,0,1,1
BRDA:37,1,0,0
BRDA:44,2,0,0
BRDA:45,3,0,0
BRDA:60,4,0,0
BRDA:60,5,0,0
BRDA:60,5,1,0
BRDA:66,6,0,0
BRDA:67,7,0,0
BRDA:77,8,0,0
BRDA:84,9,0,1
BRDA:88,10,0,0
BRDA:88,11,0,1
BRDA:88,11,1,0
BRDA:92,12,0,0
BRDA:92,12,1,1
BRDA:92,13,0,1
BRDA:92,13,1,0
BRDA:94,14,0,0
BRDA:98,15,0,0
BRDA:98,16,0,1
BRDA:98,16,1,0
BRDA:120,17,0,0
BRDA:120,17,1,0
BRDA:122,18,0,0
BRDA:122,19,0,0
BRDA:122,19,1,0
BRDA:128,20,0,0
BRDA:135,21,0,0
BRDA:135,21,1,0
BRDA:148,22,0,0
BRDA:148,22,1,0
BRDA:156,23,0,0
BRDA:169,24,0,0
BRDA:199,25,0,0
BRDA:201,26,0,0
BRDA:201,26,1,0
BRDA:204,27,0,0
BRDA:204,28,0,0
BRDA:204,28,1,0
BRDA:208,29,0,0
BRDA:208,30,0,0
BRDA:208,30,1,0
BRDA:208,30,2,0
BRDA:208,30,3,0
BRDA:209,31,0,0
BRDA:215,32,0,0
BRDA:215,32,1,0
BRDA:217,33,0,0
BRDA:242,34,0,0
BRDA:242,35,0,0
BRDA:242,35,1,0
BRDA:298,36,0,0
BRDA:298,36,1,0
BRF:55
BRH:6
end_of_record
TN:
SF:src/controllers/userController.ts
FN:4,(anonymous_8)
FN:4,(anonymous_9)
FN:13,(anonymous_10)
FN:13,(anonymous_11)
FN:28,(anonymous_12)
FN:28,(anonymous_13)
FN:46,(anonymous_14)
FN:46,(anonymous_15)
FNF:8
FNH:0
FNDA:0,(anonymous_8)
FNDA:0,(anonymous_9)
FNDA:0,(anonymous_10)
FNDA:0,(anonymous_11)
FNDA:0,(anonymous_12)
FNDA:0,(anonymous_13)
FNDA:0,(anonymous_14)
FNDA:0,(anonymous_15)
DA:2,0
DA:4,0
DA:5,0
DA:6,0
DA:7,0
DA:9,0
DA:13,0
DA:14,0
DA:15,0
DA:16,0
DA:22,0
DA:24,0
DA:28,0
DA:29,0
DA:30,0
DA:31,0
DA:32,0
DA:37,0
DA:38,0
DA:40,0
DA:42,0
DA:46,0
DA:47,0
DA:48,0
DA:49,0
DA:50,0
DA:51,0
DA:53,0
DA:55,0
DA:59,0
LF:30
LH:0
BRDA:37,0,0,0
BRDA:50,1,0,0
BRF:2
BRH:0
end_of_record
TN:
SF:src/models/userModel.ts
FNF:0
FNH:0
DA:1,0
DA:10,0
DA:17,0
DA:19,0
LF:4
LH:0
BRF:0
BRH:0
end_of_record
TN:
SF:src/routes/stockRoute.ts
FNF:0
FNH:0
DA:1,0
DA:2,0
DA:4,0
DA:6,0
DA:7,0
DA:8,0
DA:9,0
DA:10,0
DA:11,0
DA:12,0
DA:13,0
DA:14,0
DA:15,0
DA:16,0
DA:17,0
DA:18,0
DA:19,0
DA:21,0
LF:18
LH:0
BRF:0
BRH:0
end_of_record
TN:
SF:src/routes/userRoute.ts
FN:6,(anonymous_1)
FN:7,(anonymous_2)
FNF:2
FNH:0
FNDA:0,(anonymous_1)
FNDA:0,(anonymous_2)
DA:1,0
DA:2,0
DA:4,0
DA:6,0
DA:7,0
DA:8,0
DA:12,0
DA:13,0
DA:14,0
DA:15,0
DA:17,0
LF:11
LH:0
BRF:0
BRH:0
end_of_record
