{"/Users/bryannoel/Desktop/Y4S2/Final Year Project/FinalYearProject/client/src/App.tsx": {"path":"/Users/bryannoel/Desktop/Y4S2/Final Year Project/FinalYearProject/client/src/App.tsx","statementMap":{"0":{"start":{"line":1,"column":0},"end":{"line":1,"column":32}},"1":{"start":{"line":2,"column":0},"end":{"line":2,"column":18}},"2":{"start":{"line":5,"column":28},"end":{"line":5,"column":39}},"3":{"start":{"line":7,"column":2},"end":{"line":24,"column":null}},"4":{"start":{"line":13,"column":31},"end":{"line":13,"column":61}},"5":{"start":{"line":13,"column":51},"end":{"line":13,"column":60}},"6":{"start":{"line":27,"column":0},"end":{"line":27,"column":null}}},"fnMap":{"0":{"name":"App","decl":{"start":{"line":4,"column":9},"end":{"line":4,"column":12}},"loc":{"start":{"line":4,"column":12},"end":{"line":25,"column":1}}},"1":{"name":"(anonymous_1)","decl":{"start":{"line":13,"column":25},"end":{"line":13,"column":28}},"loc":{"start":{"line":13,"column":31},"end":{"line":13,"column":61}}},"2":{"name":"(anonymous_2)","decl":{"start":{"line":13,"column":40},"end":{"line":13,"column":41}},"loc":{"start":{"line":13,"column":51},"end":{"line":13,"column":60}}}},"branchMap":{},"s":{"0":0,"1":0,"2":0,"3":0,"4":0,"5":0,"6":0},"f":{"0":0,"1":0,"2":0},"b":{}}
,"/Users/bryannoel/Desktop/Y4S2/Final Year Project/FinalYearProject/client/src/Layout.tsx": {"path":"/Users/bryannoel/Desktop/Y4S2/Final Year Project/FinalYearProject/client/src/Layout.tsx","statementMap":{"0":{"start":{"line":1,"column":0},"end":{"line":1,"column":44}},"1":{"start":{"line":2,"column":0},"end":{"line":2,"column":55}},"2":{"start":{"line":3,"column":0},"end":{"line":3,"column":43}},"3":{"start":{"line":5,"column":0},"end":{"line":5,"column":87}},"4":{"start":{"line":6,"column":0},"end":{"line":6,"column":53}},"5":{"start":{"line":7,"column":0},"end":{"line":7,"column":22}},"6":{"start":{"line":9,"column":20},"end":{"line":17,"column":1}},"7":{"start":{"line":10,"column":23},"end":{"line":10,"column":36}},"8":{"start":{"line":12,"column":2},"end":{"line":14,"column":17}},"9":{"start":{"line":13,"column":6},"end":{"line":13,"column":28}},"10":{"start":{"line":16,"column":2},"end":{"line":16,"column":14}},"11":{"start":{"line":19,"column":15},"end":{"line":33,"column":1}},"12":{"start":{"line":20,"column":30},"end":{"line":20,"column":45}},"13":{"start":{"line":22,"column":2},"end":{"line":32,"column":4}},"14":{"start":{"line":35,"column":0},"end":{"line":35,"column":22}}},"fnMap":{"0":{"name":"(anonymous_0)","decl":{"start":{"line":9,"column":20},"end":{"line":9,"column":23}},"loc":{"start":{"line":9,"column":25},"end":{"line":17,"column":1}}},"1":{"name":"(anonymous_1)","decl":{"start":{"line":12,"column":12},"end":{"line":12,"column":15}},"loc":{"start":{"line":12,"column":17},"end":{"line":14,"column":3}}},"2":{"name":"(anonymous_2)","decl":{"start":{"line":19,"column":15},"end":{"line":19,"column":18}},"loc":{"start":{"line":19,"column":20},"end":{"line":33,"column":1}}}},"branchMap":{},"s":{"0":0,"1":0,"2":0,"3":0,"4":0,"5":0,"6":0,"7":0,"8":0,"9":0,"10":0,"11":0,"12":0,"13":0,"14":0},"f":{"0":0,"1":0,"2":0},"b":{}}
,"/Users/bryannoel/Desktop/Y4S2/Final Year Project/FinalYearProject/client/src/LayoutUnique.tsx": {"path":"/Users/bryannoel/Desktop/Y4S2/Final Year Project/FinalYearProject/client/src/LayoutUnique.tsx","statementMap":{"0":{"start":{"line":1,"column":0},"end":{"line":1,"column":44}},"1":{"start":{"line":2,"column":0},"end":{"line":2,"column":55}},"2":{"start":{"line":4,"column":0},"end":{"line":4,"column":53}},"3":{"start":{"line":6,"column":20},"end":{"line":14,"column":1}},"4":{"start":{"line":7,"column":23},"end":{"line":7,"column":36}},"5":{"start":{"line":9,"column":2},"end":{"line":11,"column":17}},"6":{"start":{"line":10,"column":6},"end":{"line":10,"column":28}},"7":{"start":{"line":13,"column":2},"end":{"line":13,"column":14}},"8":{"start":{"line":16,"column":15},"end":{"line":28,"column":1}},"9":{"start":{"line":17,"column":30},"end":{"line":17,"column":45}},"10":{"start":{"line":19,"column":2},"end":{"line":27,"column":4}},"11":{"start":{"line":30,"column":0},"end":{"line":30,"column":22}}},"fnMap":{"0":{"name":"(anonymous_0)","decl":{"start":{"line":6,"column":20},"end":{"line":6,"column":23}},"loc":{"start":{"line":6,"column":25},"end":{"line":14,"column":1}}},"1":{"name":"(anonymous_1)","decl":{"start":{"line":9,"column":12},"end":{"line":9,"column":15}},"loc":{"start":{"line":9,"column":17},"end":{"line":11,"column":3}}},"2":{"name":"(anonymous_2)","decl":{"start":{"line":16,"column":15},"end":{"line":16,"column":18}},"loc":{"start":{"line":16,"column":20},"end":{"line":28,"column":1}}}},"branchMap":{},"s":{"0":0,"1":0,"2":0,"3":0,"4":0,"5":0,"6":0,"7":0,"8":0,"9":0,"10":0,"11":0},"f":{"0":0,"1":0,"2":0},"b":{}}
,"/Users/bryannoel/Desktop/Y4S2/Final Year Project/FinalYearProject/client/src/main.tsx": {"path":"/Users/bryannoel/Desktop/Y4S2/Final Year Project/FinalYearProject/client/src/main.tsx","statementMap":{"0":{"start":{"line":1,"column":0},"end":{"line":1,"column":34}},"1":{"start":{"line":2,"column":0},"end":{"line":2,"column":45}},"2":{"start":{"line":3,"column":0},"end":{"line":3,"column":49}},"3":{"start":{"line":4,"column":0},"end":{"line":4,"column":44}},"4":{"start":{"line":5,"column":0},"end":{"line":5,"column":20}},"5":{"start":{"line":7,"column":0},"end":{"line":11,"column":null}}},"fnMap":{},"branchMap":{},"s":{"0":0,"1":0,"2":0,"3":0,"4":0,"5":0},"f":{},"b":{}}
,"/Users/bryannoel/Desktop/Y4S2/Final Year Project/FinalYearProject/client/src/components/benjaminGrahamItem/BenjaminGrahamItem.tsx": {"path":"/Users/bryannoel/Desktop/Y4S2/Final Year Project/FinalYearProject/client/src/components/benjaminGrahamItem/BenjaminGrahamItem.tsx","statementMap":{"0":{"start":{"line":2,"column":0},"end":{"line":2,"column":34}},"1":{"start":{"line":10,"column":62},"end":{"line":98,"column":1}},"2":{"start":{"line":20,"column":25},"end":{"line":24,"column":22}},"3":{"start":{"line":26,"column":23},"end":{"line":28,"column":10}},"4":{"start":{"line":31,"column":28},"end":{"line":31,"column":61}},"5":{"start":{"line":34,"column":31},"end":{"line":39,"column":5}},"6":{"start":{"line":35,"column":6},"end":{"line":35,"column":58}},"7":{"start":{"line":35,"column":33},"end":{"line":35,"column":58}},"8":{"start":{"line":36,"column":6},"end":{"line":36,"column":53}},"9":{"start":{"line":36,"column":33},"end":{"line":36,"column":53}},"10":{"start":{"line":37,"column":6},"end":{"line":37,"column":56}},"11":{"start":{"line":37,"column":33},"end":{"line":37,"column":56}},"12":{"start":{"line":38,"column":6},"end":{"line":38,"column":26}},"13":{"start":{"line":41,"column":4},"end":{"line":97,"column":6}},"14":{"start":{"line":100,"column":0},"end":{"line":100,"column":34}}},"fnMap":{"0":{"name":"(anonymous_0)","decl":{"start":{"line":10,"column":62},"end":{"line":10,"column":63}},"loc":{"start":{"line":19,"column":5},"end":{"line":98,"column":1}}},"1":{"name":"(anonymous_1)","decl":{"start":{"line":18,"column":12},"end":{"line":18,"column":15}},"loc":{"start":{"line":18,"column":17},"end":{"line":18,"column":20}}},"2":{"name":"(anonymous_2)","decl":{"start":{"line":34,"column":31},"end":{"line":34,"column":34}},"loc":{"start":{"line":34,"column":36},"end":{"line":39,"column":5}}}},"branchMap":{"0":{"loc":{"start":{"line":17,"column":2},"end":{"line":17,"column":20}},"type":"default-arg","locations":[{"start":{"line":17,"column":19},"end":{"line":17,"column":20}}]},"1":{"loc":{"start":{"line":18,"column":2},"end":{"line":18,"column":20}},"type":"default-arg","locations":[{"start":{"line":18,"column":12},"end":{"line":18,"column":20}}]},"2":{"loc":{"start":{"line":20,"column":25},"end":{"line":24,"column":22}},"type":"cond-expr","locations":[{"start":{"line":21,"column":8},"end":{"line":21,"column":22}},{"start":{"line":22,"column":8},"end":{"line":24,"column":22}}]},"3":{"loc":{"start":{"line":22,"column":8},"end":{"line":24,"column":22}},"type":"cond-expr","locations":[{"start":{"line":23,"column":10},"end":{"line":23,"column":27}},{"start":{"line":24,"column":10},"end":{"line":24,"column":22}}]},"4":{"loc":{"start":{"line":26,"column":23},"end":{"line":28,"column":10}},"type":"cond-expr","locations":[{"start":{"line":27,"column":8},"end":{"line":27,"column":9}},{"start":{"line":28,"column":8},"end":{"line":28,"column":10}}]},"5":{"loc":{"start":{"line":26,"column":23},"end":{"line":26,"column":74}},"type":"binary-expr","locations":[{"start":{"line":26,"column":23},"end":{"line":26,"column":45}},{"start":{"line":26,"column":49},"end":{"line":26,"column":74}}]},"6":{"loc":{"start":{"line":35,"column":6},"end":{"line":35,"column":58}},"type":"if","locations":[{"start":{"line":35,"column":6},"end":{"line":35,"column":58}}]},"7":{"loc":{"start":{"line":36,"column":6},"end":{"line":36,"column":53}},"type":"if","locations":[{"start":{"line":36,"column":6},"end":{"line":36,"column":53}}]},"8":{"loc":{"start":{"line":37,"column":6},"end":{"line":37,"column":56}},"type":"if","locations":[{"start":{"line":37,"column":6},"end":{"line":37,"column":56}}]}},"s":{"0":0,"1":0,"2":0,"3":0,"4":0,"5":0,"6":0,"7":0,"8":0,"9":0,"10":0,"11":0,"12":0,"13":0,"14":0},"f":{"0":0,"1":0,"2":0},"b":{"0":[0],"1":[0],"2":[0,0],"3":[0,0],"4":[0,0],"5":[0,0],"6":[0],"7":[0],"8":[0]}}
,"/Users/bryannoel/Desktop/Y4S2/Final Year Project/FinalYearProject/client/src/components/customDialogBox/customDialogBox.tsx": {"path":"/Users/bryannoel/Desktop/Y4S2/Final Year Project/FinalYearProject/client/src/components/customDialogBox/customDialogBox.tsx","statementMap":{"0":{"start":{"line":2,"column":0},"end":{"line":2,"column":31}},"1":{"start":{"line":18,"column":61},"end":{"line":94,"column":1}},"2":{"start":{"line":31,"column":4},"end":{"line":31,"column":29}},"3":{"start":{"line":31,"column":17},"end":{"line":31,"column":29}},"4":{"start":{"line":33,"column":27},"end":{"line":41,"column":5}},"5":{"start":{"line":34,"column":8},"end":{"line":40,"column":9}},"6":{"start":{"line":35,"column":24},"end":{"line":35,"column":37}},"7":{"start":{"line":37,"column":32},"end":{"line":37,"column":48}},"8":{"start":{"line":38,"column":27},"end":{"line":38,"column":44}},"9":{"start":{"line":39,"column":21},"end":{"line":39,"column":38}},"10":{"start":{"line":43,"column":37},"end":{"line":43,"column":42}},"11":{"start":{"line":45,"column":4},"end":{"line":63,"column":5}},"12":{"start":{"line":46,"column":8},"end":{"line":48,"column":null}},"13":{"start":{"line":49,"column":11},"end":{"line":63,"column":5}},"14":{"start":{"line":50,"column":8},"end":{"line":52,"column":null}},"15":{"start":{"line":53,"column":11},"end":{"line":63,"column":5}},"16":{"start":{"line":54,"column":8},"end":{"line":58,"column":null}},"17":{"start":{"line":59,"column":11},"end":{"line":63,"column":5}},"18":{"start":{"line":60,"column":8},"end":{"line":62,"column":null}},"19":{"start":{"line":65,"column":4},"end":{"line":93,"column":null}},"20":{"start":{"line":76,"column":45},"end":{"line":76,"column":80}},"21":{"start":{"line":80,"column":32},"end":{"line":80,"column":60}},"22":{"start":{"line":96,"column":0},"end":{"line":96,"column":36}}},"fnMap":{"0":{"name":"(anonymous_0)","decl":{"start":{"line":18,"column":61},"end":{"line":18,"column":62}},"loc":{"start":{"line":30,"column":5},"end":{"line":94,"column":1}}},"1":{"name":"(anonymous_1)","decl":{"start":{"line":33,"column":27},"end":{"line":33,"column":28}},"loc":{"start":{"line":33,"column":50},"end":{"line":41,"column":5}}},"2":{"name":"(anonymous_2)","decl":{"start":{"line":76,"column":38},"end":{"line":76,"column":39}},"loc":{"start":{"line":76,"column":45},"end":{"line":76,"column":80}}},"3":{"name":"(anonymous_3)","decl":{"start":{"line":79,"column":48},"end":{"line":79,"column":49}},"loc":{"start":{"line":80,"column":32},"end":{"line":80,"column":60}}}},"branchMap":{"0":{"loc":{"start":{"line":24,"column":4},"end":{"line":24,"column":23}},"type":"default-arg","locations":[{"start":{"line":24,"column":21},"end":{"line":24,"column":23}}]},"1":{"loc":{"start":{"line":31,"column":4},"end":{"line":31,"column":29}},"type":"if","locations":[{"start":{"line":31,"column":4},"end":{"line":31,"column":29}}]},"2":{"loc":{"start":{"line":34,"column":8},"end":{"line":40,"column":9}},"type":"switch","locations":[{"start":{"line":35,"column":12},"end":{"line":35,"column":37}},{"start":{"line":36,"column":12},"end":{"line":36,"column":35}},{"start":{"line":37,"column":12},"end":{"line":37,"column":48}},{"start":{"line":38,"column":12},"end":{"line":38,"column":44}},{"start":{"line":39,"column":12},"end":{"line":39,"column":38}}]},"3":{"loc":{"start":{"line":45,"column":4},"end":{"line":63,"column":5}},"type":"if","locations":[{"start":{"line":45,"column":4},"end":{"line":63,"column":5}},{"start":{"line":49,"column":11},"end":{"line":63,"column":5}}]},"4":{"loc":{"start":{"line":49,"column":11},"end":{"line":63,"column":5}},"type":"if","locations":[{"start":{"line":49,"column":11},"end":{"line":63,"column":5}},{"start":{"line":53,"column":11},"end":{"line":63,"column":5}}]},"5":{"loc":{"start":{"line":53,"column":11},"end":{"line":63,"column":5}},"type":"if","locations":[{"start":{"line":53,"column":11},"end":{"line":63,"column":5}},{"start":{"line":59,"column":11},"end":{"line":63,"column":5}}]},"6":{"loc":{"start":{"line":59,"column":11},"end":{"line":63,"column":5}},"type":"if","locations":[{"start":{"line":59,"column":11},"end":{"line":63,"column":5}}]},"7":{"loc":{"start":{"line":71,"column":17},"end":{"line":85,"column":null}},"type":"binary-expr","locations":[{"start":{"line":71,"column":17},"end":{"line":71,"column":37}},{"start":{"line":72,"column":20},"end":{"line":84,"column":null}}]},"8":{"loc":{"start":{"line":76,"column":45},"end":{"line":76,"column":80}},"type":"cond-expr","locations":[{"start":{"line":76,"column":62},"end":{"line":76,"column":65}},{"start":{"line":76,"column":45},"end":{"line":76,"column":80}}]},"9":{"loc":{"start":{"line":76,"column":45},"end":{"line":76,"column":65}},"type":"binary-expr","locations":[{"start":{"line":76,"column":45},"end":{"line":76,"column":65}},{"start":{"line":76,"column":45},"end":{"line":76,"column":65}}]}},"s":{"0":0,"1":0,"2":0,"3":0,"4":0,"5":0,"6":0,"7":0,"8":0,"9":0,"10":0,"11":0,"12":0,"13":0,"14":0,"15":0,"16":0,"17":0,"18":0,"19":0,"20":0,"21":0,"22":0},"f":{"0":0,"1":0,"2":0,"3":0},"b":{"0":[0],"1":[0],"2":[0,0,0,0,0],"3":[0,0],"4":[0,0],"5":[0,0],"6":[0],"7":[0,0],"8":[0,0],"9":[0,0]}}
,"/Users/bryannoel/Desktop/Y4S2/Final Year Project/FinalYearProject/client/src/components/dashboardItem/DashboardItem.tsx": {"path":"/Users/bryannoel/Desktop/Y4S2/Final Year Project/FinalYearProject/client/src/components/dashboardItem/DashboardItem.tsx","statementMap":{"0":{"start":{"line":3,"column":0},"end":{"line":3,"column":65}},"1":{"start":{"line":4,"column":0},"end":{"line":4,"column":84}},"2":{"start":{"line":5,"column":0},"end":{"line":5,"column":29}},"3":{"start":{"line":14,"column":52},"end":{"line":66,"column":1}},"4":{"start":{"line":25,"column":27},"end":{"line":25,"column":38}},"5":{"start":{"line":27,"column":4},"end":{"line":65,"column":6}},"6":{"start":{"line":56,"column":20},"end":{"line":56,"column":40}},"7":{"start":{"line":57,"column":20},"end":{"line":57,"column":36}},"8":{"start":{"line":68,"column":0},"end":{"line":68,"column":29}}},"fnMap":{"0":{"name":"(anonymous_0)","decl":{"start":{"line":14,"column":52},"end":{"line":14,"column":53}},"loc":{"start":{"line":24,"column":5},"end":{"line":66,"column":1}}},"1":{"name":"(anonymous_1)","decl":{"start":{"line":21,"column":14},"end":{"line":21,"column":17}},"loc":{"start":{"line":21,"column":19},"end":{"line":21,"column":22}}},"2":{"name":"(anonymous_2)","decl":{"start":{"line":22,"column":20},"end":{"line":22,"column":23}},"loc":{"start":{"line":22,"column":25},"end":{"line":22,"column":28}}},"3":{"name":"(anonymous_3)","decl":{"start":{"line":55,"column":66},"end":{"line":55,"column":67}},"loc":{"start":{"line":55,"column":72},"end":{"line":58,"column":17}}}},"branchMap":{"0":{"loc":{"start":{"line":21,"column":4},"end":{"line":21,"column":22}},"type":"default-arg","locations":[{"start":{"line":21,"column":14},"end":{"line":21,"column":22}}]},"1":{"loc":{"start":{"line":22,"column":4},"end":{"line":22,"column":28}},"type":"default-arg","locations":[{"start":{"line":22,"column":20},"end":{"line":22,"column":28}}]},"2":{"loc":{"start":{"line":23,"column":4},"end":{"line":23,"column":22}},"type":"default-arg","locations":[{"start":{"line":23,"column":21},"end":{"line":23,"column":22}}]},"3":{"loc":{"start":{"line":29,"column":42},"end":{"line":29,"column":84}},"type":"cond-expr","locations":[{"start":{"line":29,"column":59},"end":{"line":29,"column":70}},{"start":{"line":29,"column":73},"end":{"line":29,"column":84}}]},"4":{"loc":{"start":{"line":44,"column":63},"end":{"line":44,"column":105}},"type":"cond-expr","locations":[{"start":{"line":44,"column":80},"end":{"line":44,"column":90}},{"start":{"line":44,"column":93},"end":{"line":44,"column":105}}]},"5":{"loc":{"start":{"line":46,"column":34},"end":{"line":46,"column":74}},"type":"cond-expr","locations":[{"start":{"line":46,"column":51},"end":{"line":46,"column":60}},{"start":{"line":46,"column":63},"end":{"line":46,"column":74}}]},"6":{"loc":{"start":{"line":54,"column":13},"end":{"line":60,"column":null}},"type":"binary-expr","locations":[{"start":{"line":54,"column":13},"end":{"line":54,"column":22}},{"start":{"line":55,"column":16},"end":{"line":59,"column":null}}]}},"s":{"0":1,"1":1,"2":1,"3":1,"4":8,"5":8,"6":0,"7":0,"8":1},"f":{"0":8,"1":0,"2":0,"3":0},"b":{"0":[0],"1":[0],"2":[0],"3":[6,2],"4":[6,2],"5":[6,2],"6":[8,1]}}
,"/Users/bryannoel/Desktop/Y4S2/Final Year Project/FinalYearProject/client/src/components/dropdown/Dropdown.tsx": {"path":"/Users/bryannoel/Desktop/Y4S2/Final Year Project/FinalYearProject/client/src/components/dropdown/Dropdown.tsx","statementMap":{"0":{"start":{"line":2,"column":0},"end":{"line":2,"column":24}},"1":{"start":{"line":12,"column":42},"end":{"line":37,"column":1}},"2":{"start":{"line":13,"column":2},"end":{"line":36,"column":4}},"3":{"start":{"line":21,"column":10},"end":{"line":22,"column":null}},"4":{"start":{"line":24,"column":27},"end":{"line":24,"column":121}},"5":{"start":{"line":39,"column":0},"end":{"line":39,"column":24}}},"fnMap":{"0":{"name":"(anonymous_0)","decl":{"start":{"line":12,"column":42},"end":{"line":12,"column":43}},"loc":{"start":{"line":12,"column":111},"end":{"line":37,"column":1}}},"1":{"name":"(anonymous_1)","decl":{"start":{"line":20,"column":24},"end":{"line":20,"column":25}},"loc":{"start":{"line":21,"column":10},"end":{"line":22,"column":null}}},"2":{"name":"(anonymous_2)","decl":{"start":{"line":24,"column":21},"end":{"line":24,"column":24}},"loc":{"start":{"line":24,"column":27},"end":{"line":24,"column":121}}}},"branchMap":{"0":{"loc":{"start":{"line":14,"column":65},"end":{"line":14,"column":85}},"type":"cond-expr","locations":[{"start":{"line":14,"column":74},"end":{"line":14,"column":80}},{"start":{"line":14,"column":83},"end":{"line":14,"column":85}}]},"1":{"loc":{"start":{"line":15,"column":7},"end":{"line":33,"column":null}},"type":"cond-expr","locations":[{"start":{"line":16,"column":8},"end":{"line":17,"column":null}},{"start":{"line":20,"column":8},"end":{"line":33,"column":10}}]},"2":{"loc":{"start":{"line":24,"column":27},"end":{"line":24,"column":121}},"type":"cond-expr","locations":[{"start":{"line":24,"column":43},"end":{"line":24,"column":88}},{"start":{"line":24,"column":91},"end":{"line":24,"column":121}}]}},"s":{"0":1,"1":1,"2":6,"3":10,"4":2,"5":1},"f":{"0":6,"1":10,"2":2},"b":{"0":[5,1],"1":[1,5],"2":[1,1]}}
,"/Users/bryannoel/Desktop/Y4S2/Final Year Project/FinalYearProject/client/src/components/loadingSpinner/LoadingSpinner.tsx": {"path":"/Users/bryannoel/Desktop/Y4S2/Final Year Project/FinalYearProject/client/src/components/loadingSpinner/LoadingSpinner.tsx","statementMap":{"0":{"start":{"line":1,"column":0},"end":{"line":1,"column":30}},"1":{"start":{"line":3,"column":23},"end":{"line":16,"column":1}},"2":{"start":{"line":4,"column":4},"end":{"line":15,"column":6}},"3":{"start":{"line":18,"column":0},"end":{"line":18,"column":30}}},"fnMap":{"0":{"name":"(anonymous_0)","decl":{"start":{"line":3,"column":23},"end":{"line":3,"column":26}},"loc":{"start":{"line":3,"column":28},"end":{"line":16,"column":1}}}},"branchMap":{},"s":{"0":0,"1":0,"2":0,"3":0},"f":{"0":0},"b":{}}
,"/Users/bryannoel/Desktop/Y4S2/Final Year Project/FinalYearProject/client/src/components/mobileTabNavigation/mobileTabNavigation.tsx": {"path":"/Users/bryannoel/Desktop/Y4S2/Final Year Project/FinalYearProject/client/src/components/mobileTabNavigation/mobileTabNavigation.tsx","statementMap":{"0":{"start":{"line":1,"column":0},"end":{"line":1,"column":44}},"1":{"start":{"line":2,"column":0},"end":{"line":2,"column":60}},"2":{"start":{"line":3,"column":0},"end":{"line":3,"column":35}},"3":{"start":{"line":12,"column":28},"end":{"line":78,"column":1}},"4":{"start":{"line":13,"column":19},"end":{"line":13,"column":32}},"5":{"start":{"line":14,"column":19},"end":{"line":14,"column":32}},"6":{"start":{"line":15,"column":36},"end":{"line":15,"column":48}},"7":{"start":{"line":17,"column":26},"end":{"line":42,"column":4}},"8":{"start":{"line":45,"column":2},"end":{"line":51,"column":26}},"9":{"start":{"line":46,"column":23},"end":{"line":47,"column":null}},"10":{"start":{"line":47,"column":6},"end":{"line":47,"column":84}},"11":{"start":{"line":50,"column":4},"end":{"line":50,"column":41}},"12":{"start":{"line":53,"column":25},"end":{"line":55,"column":3}},"13":{"start":{"line":54,"column":4},"end":{"line":54,"column":19}},"14":{"start":{"line":57,"column":2},"end":{"line":77,"column":4}},"15":{"start":{"line":60,"column":8},"end":{"line":61,"column":null}},"16":{"start":{"line":63,"column":25},"end":{"line":63,"column":49}},"17":{"start":{"line":73,"column":39},"end":{"line":73,"column":61}},"18":{"start":{"line":80,"column":0},"end":{"line":80,"column":35}}},"fnMap":{"0":{"name":"(anonymous_0)","decl":{"start":{"line":12,"column":28},"end":{"line":12,"column":31}},"loc":{"start":{"line":12,"column":33},"end":{"line":78,"column":1}}},"1":{"name":"(anonymous_1)","decl":{"start":{"line":45,"column":12},"end":{"line":45,"column":15}},"loc":{"start":{"line":45,"column":17},"end":{"line":51,"column":3}}},"2":{"name":"(anonymous_2)","decl":{"start":{"line":46,"column":33},"end":{"line":46,"column":36}},"loc":{"start":{"line":47,"column":6},"end":{"line":47,"column":84}}},"3":{"name":"(anonymous_3)","decl":{"start":{"line":53,"column":25},"end":{"line":53,"column":26}},"loc":{"start":{"line":53,"column":42},"end":{"line":55,"column":3}}},"4":{"name":"(anonymous_4)","decl":{"start":{"line":59,"column":16},"end":{"line":59,"column":19}},"loc":{"start":{"line":60,"column":8},"end":{"line":61,"column":null}}},"5":{"name":"(anonymous_5)","decl":{"start":{"line":63,"column":19},"end":{"line":63,"column":22}},"loc":{"start":{"line":63,"column":25},"end":{"line":63,"column":49}}},"6":{"name":"(anonymous_6)","decl":{"start":{"line":73,"column":32},"end":{"line":73,"column":35}},"loc":{"start":{"line":73,"column":39},"end":{"line":73,"column":61}}}},"branchMap":{"0":{"loc":{"start":{"line":47,"column":6},"end":{"line":47,"column":84}},"type":"binary-expr","locations":[{"start":{"line":47,"column":6},"end":{"line":47,"column":36}},{"start":{"line":47,"column":40},"end":{"line":47,"column":84}}]},"1":{"loc":{"start":{"line":50,"column":17},"end":{"line":50,"column":39}},"type":"binary-expr","locations":[{"start":{"line":50,"column":17},"end":{"line":50,"column":33}},{"start":{"line":50,"column":37},"end":{"line":50,"column":39}}]},"2":{"loc":{"start":{"line":50,"column":17},"end":{"line":50,"column":33}},"type":"cond-expr","locations":[{"start":{"line":50,"column":27},"end":{"line":50,"column":29}},{"start":{"line":50,"column":17},"end":{"line":50,"column":33}}]},"3":{"loc":{"start":{"line":50,"column":17},"end":{"line":50,"column":29}},"type":"binary-expr","locations":[{"start":{"line":50,"column":17},"end":{"line":50,"column":29}},{"start":{"line":50,"column":17},"end":{"line":50,"column":29}}]},"4":{"loc":{"start":{"line":62,"column":33},"end":{"line":62,"column":71}},"type":"cond-expr","locations":[{"start":{"line":62,"column":58},"end":{"line":62,"column":66}},{"start":{"line":62,"column":69},"end":{"line":62,"column":71}}]},"5":{"loc":{"start":{"line":66,"column":13},"end":{"line":66,"column":63}},"type":"cond-expr","locations":[{"start":{"line":66,"column":38},"end":{"line":66,"column":52}},{"start":{"line":66,"column":55},"end":{"line":66,"column":63}}]},"6":{"loc":{"start":{"line":69,"column":11},"end":{"line":69,"column":70}},"type":"binary-expr","locations":[{"start":{"line":69,"column":11},"end":{"line":69,"column":33}},{"start":{"line":69,"column":37},"end":{"line":69,"column":70}}]}},"s":{"0":0,"1":0,"2":0,"3":0,"4":0,"5":0,"6":0,"7":0,"8":0,"9":0,"10":0,"11":0,"12":0,"13":0,"14":0,"15":0,"16":0,"17":0,"18":0},"f":{"0":0,"1":0,"2":0,"3":0,"4":0,"5":0,"6":0},"b":{"0":[0,0],"1":[0,0],"2":[0,0],"3":[0,0],"4":[0,0],"5":[0,0],"6":[0,0]}}
,"/Users/bryannoel/Desktop/Y4S2/Final Year Project/FinalYearProject/client/src/components/stockDetails/fetchStockDetails.tsx": {"path":"/Users/bryannoel/Desktop/Y4S2/Final Year Project/FinalYearProject/client/src/components/stockDetails/fetchStockDetails.tsx","statementMap":{"0":{"start":{"line":1,"column":0},"end":{"line":1,"column":73}},"1":{"start":{"line":4,"column":21},"end":{"line":6,"column":77}},"2":{"start":{"line":8,"column":23},"end":{"line":8,"column":89}},"3":{"start":{"line":10,"column":33},"end":{"line":125,"column":2}},"4":{"start":{"line":16,"column":4},"end":{"line":125,"column":2}},"5":{"start":{"line":17,"column":22},"end":{"line":17,"column":39}},"6":{"start":{"line":18,"column":4},"end":{"line":18,"column":21}},"7":{"start":{"line":19,"column":4},"end":{"line":121,"column":5}},"8":{"start":{"line":20,"column":28},"end":{"line":20,"column":60}},"9":{"start":{"line":21,"column":8},"end":{"line":26,"column":9}},"10":{"start":{"line":22,"column":12},"end":{"line":22,"column":43}},"11":{"start":{"line":23,"column":12},"end":{"line":23,"column":47}},"12":{"start":{"line":24,"column":12},"end":{"line":24,"column":30}},"13":{"start":{"line":25,"column":12},"end":{"line":25,"column":19}},"14":{"start":{"line":27,"column":56},"end":{"line":31,"column":10}},"15":{"start":{"line":33,"column":26},"end":{"line":33,"column":108}},"16":{"start":{"line":34,"column":29},"end":{"line":40,"column":10}},"17":{"start":{"line":42,"column":40},"end":{"line":56,"column":10}},"18":{"start":{"line":58,"column":33},"end":{"line":68,"column":12}},"19":{"start":{"line":70,"column":8},"end":{"line":70,"column":39}},"20":{"start":{"line":71,"column":8},"end":{"line":71,"column":38}},"21":{"start":{"line":72,"column":8},"end":{"line":72,"column":26}},"22":{"start":{"line":74,"column":8},"end":{"line":116,"column":11}},"23":{"start":{"line":84,"column":112},"end":{"line":85,"column":null}},"24":{"start":{"line":85,"column":16},"end":{"line":85,"column":67}},"25":{"start":{"line":88,"column":35},"end":{"line":92,"column":14}},"26":{"start":{"line":94,"column":28},"end":{"line":108,"column":14}},"27":{"start":{"line":110,"column":12},"end":{"line":110,"column":34}},"28":{"start":{"line":112,"column":12},"end":{"line":115,"column":15}},"29":{"start":{"line":119,"column":8},"end":{"line":119,"column":79}},"30":{"start":{"line":120,"column":8},"end":{"line":120,"column":26}},"31":{"start":{"line":123,"column":20},"end":{"line":123,"column":37}},"32":{"start":{"line":124,"column":4},"end":{"line":124,"column":59}},"33":{"start":{"line":10,"column":13},"end":{"line":10,"column":33}}},"fnMap":{"0":{"name":"(anonymous_7)","decl":{"start":{"line":10,"column":33},"end":{"line":10,"column":null}},"loc":{"start":{"line":16,"column":4},"end":{"line":125,"column":2}}},"1":{"name":"(anonymous_8)","decl":{"start":{"line":16,"column":4},"end":{"line":16,"column":null}},"loc":{"start":{"line":16,"column":4},"end":{"line":125,"column":1}}},"2":{"name":"(anonymous_9)","decl":{"start":{"line":83,"column":16},"end":{"line":83,"column":23}},"loc":{"start":{"line":83,"column":26},"end":{"line":116,"column":9}}},"3":{"name":"(anonymous_10)","decl":{"start":{"line":84,"column":124},"end":{"line":84,"column":130}},"loc":{"start":{"line":85,"column":16},"end":{"line":85,"column":67}}}},"branchMap":{"0":{"loc":{"start":{"line":4,"column":21},"end":{"line":6,"column":77}},"type":"cond-expr","locations":[{"start":{"line":5,"column":6},"end":{"line":5,"column":40}},{"start":{"line":6,"column":6},"end":{"line":6,"column":77}}]},"1":{"loc":{"start":{"line":8,"column":23},"end":{"line":8,"column":89}},"type":"cond-expr","locations":[{"start":{"line":8,"column":64},"end":{"line":8,"column":70}},{"start":{"line":8,"column":73},"end":{"line":8,"column":89}}]},"2":{"loc":{"start":{"line":21,"column":8},"end":{"line":26,"column":9}},"type":"if","locations":[{"start":{"line":21,"column":8},"end":{"line":26,"column":9}}]},"3":{"loc":{"start":{"line":33,"column":26},"end":{"line":33,"column":108}},"type":"cond-expr","locations":[{"start":{"line":33,"column":67},"end":{"line":33,"column":80}},{"start":{"line":33,"column":83},"end":{"line":33,"column":108}}]},"4":{"loc":{"start":{"line":53,"column":23},"end":{"line":53,"column":43}},"type":"cond-expr","locations":[{"start":{"line":53,"column":32},"end":{"line":53,"column":34}},{"start":{"line":53,"column":23},"end":{"line":53,"column":43}}]},"5":{"loc":{"start":{"line":53,"column":23},"end":{"line":53,"column":34}},"type":"binary-expr","locations":[{"start":{"line":53,"column":23},"end":{"line":53,"column":34}},{"start":{"line":53,"column":23},"end":{"line":53,"column":34}}]},"6":{"loc":{"start":{"line":85,"column":16},"end":{"line":85,"column":67}},"type":"cond-expr","locations":[{"start":{"line":85,"column":48},"end":{"line":85,"column":60}},{"start":{"line":85,"column":63},"end":{"line":85,"column":67}}]},"7":{"loc":{"start":{"line":99,"column":26},"end":{"line":99,"column":46}},"type":"binary-expr","locations":[{"start":{"line":99,"column":26},"end":{"line":99,"column":38}},{"start":{"line":99,"column":42},"end":{"line":99,"column":46}}]},"8":{"loc":{"start":{"line":100,"column":26},"end":{"line":100,"column":46}},"type":"binary-expr","locations":[{"start":{"line":100,"column":26},"end":{"line":100,"column":38}},{"start":{"line":100,"column":42},"end":{"line":100,"column":46}}]},"9":{"loc":{"start":{"line":101,"column":21},"end":{"line":101,"column":46}},"type":"binary-expr","locations":[{"start":{"line":101,"column":21},"end":{"line":101,"column":38}},{"start":{"line":101,"column":42},"end":{"line":101,"column":46}}]},"10":{"loc":{"start":{"line":101,"column":21},"end":{"line":101,"column":38}},"type":"cond-expr","locations":[{"start":{"line":101,"column":28},"end":{"line":101,"column":30}},{"start":{"line":101,"column":21},"end":{"line":101,"column":38}}]},"11":{"loc":{"start":{"line":101,"column":21},"end":{"line":101,"column":30}},"type":"binary-expr","locations":[{"start":{"line":101,"column":21},"end":{"line":101,"column":30}},{"start":{"line":101,"column":21},"end":{"line":101,"column":30}}]},"12":{"loc":{"start":{"line":102,"column":25},"end":{"line":102,"column":59}},"type":"binary-expr","locations":[{"start":{"line":102,"column":25},"end":{"line":102,"column":51}},{"start":{"line":102,"column":55},"end":{"line":102,"column":59}}]},"13":{"loc":{"start":{"line":102,"column":25},"end":{"line":102,"column":51}},"type":"cond-expr","locations":[{"start":{"line":102,"column":36},"end":{"line":102,"column":38}},{"start":{"line":102,"column":25},"end":{"line":102,"column":51}}]},"14":{"loc":{"start":{"line":102,"column":25},"end":{"line":102,"column":38}},"type":"binary-expr","locations":[{"start":{"line":102,"column":25},"end":{"line":102,"column":38}},{"start":{"line":102,"column":25},"end":{"line":102,"column":38}}]},"15":{"loc":{"start":{"line":103,"column":28},"end":{"line":103,"column":57}},"type":"binary-expr","locations":[{"start":{"line":103,"column":28},"end":{"line":103,"column":49}},{"start":{"line":103,"column":53},"end":{"line":103,"column":57}}]},"16":{"loc":{"start":{"line":103,"column":28},"end":{"line":103,"column":49}},"type":"cond-expr","locations":[{"start":{"line":103,"column":37},"end":{"line":103,"column":39}},{"start":{"line":103,"column":28},"end":{"line":103,"column":49}}]},"17":{"loc":{"start":{"line":103,"column":28},"end":{"line":103,"column":39}},"type":"binary-expr","locations":[{"start":{"line":103,"column":28},"end":{"line":103,"column":39}},{"start":{"line":103,"column":28},"end":{"line":103,"column":39}}]},"18":{"loc":{"start":{"line":104,"column":27},"end":{"line":104,"column":71}},"type":"binary-expr","locations":[{"start":{"line":104,"column":27},"end":{"line":104,"column":63}},{"start":{"line":104,"column":67},"end":{"line":104,"column":71}}]},"19":{"loc":{"start":{"line":104,"column":27},"end":{"line":104,"column":63}},"type":"cond-expr","locations":[{"start":{"line":104,"column":40},"end":{"line":104,"column":42}},{"start":{"line":104,"column":27},"end":{"line":104,"column":63}}]},"20":{"loc":{"start":{"line":104,"column":27},"end":{"line":104,"column":42}},"type":"binary-expr","locations":[{"start":{"line":104,"column":27},"end":{"line":104,"column":42}},{"start":{"line":104,"column":27},"end":{"line":104,"column":42}}]},"21":{"loc":{"start":{"line":105,"column":27},"end":{"line":105,"column":47}},"type":"cond-expr","locations":[{"start":{"line":105,"column":36},"end":{"line":105,"column":38}},{"start":{"line":105,"column":27},"end":{"line":105,"column":47}}]},"22":{"loc":{"start":{"line":105,"column":27},"end":{"line":105,"column":38}},"type":"binary-expr","locations":[{"start":{"line":105,"column":27},"end":{"line":105,"column":38}},{"start":{"line":105,"column":27},"end":{"line":105,"column":38}}]},"23":{"loc":{"start":{"line":119,"column":17},"end":{"line":119,"column":77}},"type":"binary-expr","locations":[{"start":{"line":119,"column":17},"end":{"line":119,"column":28}},{"start":{"line":119,"column":32},"end":{"line":119,"column":77}}]}},"s":{"0":0,"1":0,"2":0,"3":0,"4":0,"5":0,"6":0,"7":0,"8":0,"9":0,"10":0,"11":0,"12":0,"13":0,"14":0,"15":0,"16":0,"17":0,"18":0,"19":0,"20":0,"21":0,"22":0,"23":0,"24":0,"25":0,"26":0,"27":0,"28":0,"29":0,"30":0,"31":0,"32":0,"33":0},"f":{"0":0,"1":0,"2":0,"3":0},"b":{"0":[0,0],"1":[0,0],"2":[0],"3":[0,0],"4":[0,0],"5":[0,0],"6":[0,0],"7":[0,0],"8":[0,0],"9":[0,0],"10":[0,0],"11":[0,0],"12":[0,0],"13":[0,0],"14":[0,0],"15":[0,0],"16":[0,0],"17":[0,0],"18":[0,0],"19":[0,0],"20":[0,0],"21":[0,0],"22":[0,0],"23":[0,0]}}
,"/Users/bryannoel/Desktop/Y4S2/Final Year Project/FinalYearProject/client/src/components/stockDetails/stockInfo.tsx": {"path":"/Users/bryannoel/Desktop/Y4S2/Final Year Project/FinalYearProject/client/src/components/stockDetails/stockInfo.tsx","statementMap":{"0":{"start":{"line":1,"column":0},"end":{"line":1,"column":40}},"1":{"start":{"line":3,"column":0},"end":{"line":3,"column":47}},"2":{"start":{"line":4,"column":0},"end":{"line":4,"column":73}},"3":{"start":{"line":5,"column":0},"end":{"line":5,"column":65}},"4":{"start":{"line":6,"column":0},"end":{"line":6,"column":64}},"5":{"start":{"line":7,"column":0},"end":{"line":7,"column":65}},"6":{"start":{"line":8,"column":0},"end":{"line":8,"column":79}},"7":{"start":{"line":9,"column":0},"end":{"line":9,"column":76}},"8":{"start":{"line":16,"column":44},"end":{"line":144,"column":1}},"9":{"start":{"line":17,"column":4},"end":{"line":17,"column":57}},"10":{"start":{"line":17,"column":45},"end":{"line":17,"column":57}},"11":{"start":{"line":18,"column":21},"end":{"line":18,"column":34}},"12":{"start":{"line":20,"column":22},"end":{"line":20,"column":94}},"13":{"start":{"line":22,"column":42},"end":{"line":22,"column":57}},"14":{"start":{"line":23,"column":40},"end":{"line":23,"column":109}},"15":{"start":{"line":24,"column":46},"end":{"line":24,"column":66}},"16":{"start":{"line":25,"column":46},"end":{"line":25,"column":101}},"17":{"start":{"line":26,"column":54},"end":{"line":26,"column":74}},"18":{"start":{"line":27,"column":54},"end":{"line":27,"column":76}},"19":{"start":{"line":28,"column":52},"end":{"line":28,"column":75}},"20":{"start":{"line":29,"column":46},"end":{"line":29,"column":70}},"21":{"start":{"line":31,"column":32},"end":{"line":37,"column":5}},"22":{"start":{"line":32,"column":8},"end":{"line":32,"column":29}},"23":{"start":{"line":33,"column":8},"end":{"line":33,"column":32}},"24":{"start":{"line":34,"column":8},"end":{"line":34,"column":34}},"25":{"start":{"line":35,"column":8},"end":{"line":35,"column":34}},"26":{"start":{"line":36,"column":8},"end":{"line":36,"column":28}},"27":{"start":{"line":39,"column":26},"end":{"line":59,"column":8}},"28":{"start":{"line":39,"column":70},"end":{"line":59,"column":8}},"29":{"start":{"line":40,"column":8},"end":{"line":53,"column":9}},"30":{"start":{"line":41,"column":12},"end":{"line":41,"column":37}},"31":{"start":{"line":42,"column":34},"end":{"line":42,"column":69}},"32":{"start":{"line":43,"column":36},"end":{"line":43,"column":62}},"33":{"start":{"line":44,"column":12},"end":{"line":44,"column":52}},"34":{"start":{"line":46,"column":12},"end":{"line":49,"column":13}},"35":{"start":{"line":47,"column":16},"end":{"line":47,"column":74}},"36":{"start":{"line":48,"column":16},"end":{"line":48,"column":23}},"37":{"start":{"line":51,"column":12},"end":{"line":51,"column":82}},"38":{"start":{"line":52,"column":12},"end":{"line":52,"column":19}},"39":{"start":{"line":55,"column":8},"end":{"line":55,"column":54}},"40":{"start":{"line":56,"column":8},"end":{"line":56,"column":29}},"41":{"start":{"line":57,"column":8},"end":{"line":57,"column":33}},"42":{"start":{"line":58,"column":8},"end":{"line":58,"column":28}},"43":{"start":{"line":61,"column":34},"end":{"line":64,"column":5}},"44":{"start":{"line":62,"column":8},"end":{"line":62,"column":44}},"45":{"start":{"line":63,"column":8},"end":{"line":63,"column":83}},"46":{"start":{"line":66,"column":26},"end":{"line":95,"column":null}},"47":{"start":{"line":66,"column":37},"end":{"line":95,"column":null}},"48":{"start":{"line":67,"column":8},"end":{"line":94,"column":9}},"49":{"start":{"line":68,"column":12},"end":{"line":68,"column":35}},"50":{"start":{"line":69,"column":12},"end":{"line":90,"column":13}},"51":{"start":{"line":70,"column":32},"end":{"line":76,"column":18}},"52":{"start":{"line":78,"column":16},"end":{"line":85,"column":83}},"53":{"start":{"line":85,"column":36},"end":{"line":85,"column":81}},"54":{"start":{"line":87,"column":16},"end":{"line":87,"column":80}},"55":{"start":{"line":89,"column":16},"end":{"line":89,"column":40}},"56":{"start":{"line":91,"column":12},"end":{"line":91,"column":78}},"57":{"start":{"line":93,"column":12},"end":{"line":93,"column":33}},"58":{"start":{"line":97,"column":4},"end":{"line":143,"column":6}},"59":{"start":{"line":101,"column":75},"end":{"line":101,"column":87}},"60":{"start":{"line":107,"column":87},"end":{"line":107,"column":129}},"61":{"start":{"line":138,"column":40},"end":{"line":138,"column":60}},"62":{"start":{"line":146,"column":0},"end":{"line":146,"column":25}}},"fnMap":{"0":{"name":"(anonymous_7)","decl":{"start":{"line":16,"column":44},"end":{"line":16,"column":45}},"loc":{"start":{"line":16,"column":70},"end":{"line":144,"column":1}}},"1":{"name":"(anonymous_8)","decl":{"start":{"line":31,"column":32},"end":{"line":31,"column":33}},"loc":{"start":{"line":31,"column":52},"end":{"line":37,"column":5}}},"2":{"name":"(anonymous_9)","decl":{"start":{"line":39,"column":26},"end":{"line":39,"column":33}},"loc":{"start":{"line":39,"column":70},"end":{"line":59,"column":8}}},"3":{"name":"(anonymous_10)","decl":{"start":{"line":39,"column":70},"end":{"line":39,"column":null}},"loc":{"start":{"line":39,"column":70},"end":{"line":59,"column":7}}},"4":{"name":"(anonymous_11)","decl":{"start":{"line":61,"column":34},"end":{"line":61,"column":35}},"loc":{"start":{"line":61,"column":60},"end":{"line":64,"column":5}}},"5":{"name":"(anonymous_12)","decl":{"start":{"line":66,"column":26},"end":{"line":66,"column":35}},"loc":{"start":{"line":66,"column":37},"end":{"line":95,"column":null}}},"6":{"name":"(anonymous_13)","decl":{"start":{"line":66,"column":37},"end":{"line":66,"column":null}},"loc":{"start":{"line":66,"column":37},"end":{"line":95,"column":5}}},"7":{"name":"(anonymous_14)","decl":{"start":{"line":85,"column":25},"end":{"line":85,"column":26}},"loc":{"start":{"line":85,"column":36},"end":{"line":85,"column":81}}},"8":{"name":"(anonymous_15)","decl":{"start":{"line":101,"column":69},"end":{"line":101,"column":72}},"loc":{"start":{"line":101,"column":75},"end":{"line":101,"column":87}}},"9":{"name":"(anonymous_16)","decl":{"start":{"line":107,"column":81},"end":{"line":107,"column":84}},"loc":{"start":{"line":107,"column":87},"end":{"line":107,"column":129}}},"10":{"name":"(anonymous_17)","decl":{"start":{"line":118,"column":29},"end":{"line":118,"column":32}},"loc":{"start":{"line":118,"column":34},"end":{"line":118,"column":37}}},"11":{"name":"(anonymous_18)","decl":{"start":{"line":138,"column":34},"end":{"line":138,"column":37}},"loc":{"start":{"line":138,"column":40},"end":{"line":138,"column":60}}}},"branchMap":{"0":{"loc":{"start":{"line":17,"column":4},"end":{"line":17,"column":57}},"type":"if","locations":[{"start":{"line":17,"column":4},"end":{"line":17,"column":57}}]},"1":{"loc":{"start":{"line":17,"column":8},"end":{"line":17,"column":43}},"type":"binary-expr","locations":[{"start":{"line":17,"column":8},"end":{"line":17,"column":22}},{"start":{"line":17,"column":26},"end":{"line":17,"column":43}}]},"2":{"loc":{"start":{"line":20,"column":22},"end":{"line":20,"column":94}},"type":"binary-expr","locations":[{"start":{"line":20,"column":22},"end":{"line":20,"column":55}},{"start":{"line":20,"column":59},"end":{"line":20,"column":94}}]},"3":{"loc":{"start":{"line":40,"column":8},"end":{"line":53,"column":9}},"type":"if","locations":[{"start":{"line":40,"column":8},"end":{"line":53,"column":9}},{"start":{"line":50,"column":15},"end":{"line":53,"column":9}}]},"4":{"loc":{"start":{"line":46,"column":12},"end":{"line":49,"column":13}},"type":"if","locations":[{"start":{"line":46,"column":12},"end":{"line":49,"column":13}}]},"5":{"loc":{"start":{"line":46,"column":16},"end":{"line":46,"column":67}},"type":"binary-expr","locations":[{"start":{"line":46,"column":16},"end":{"line":46,"column":37}},{"start":{"line":46,"column":41},"end":{"line":46,"column":67}}]},"6":{"loc":{"start":{"line":63,"column":8},"end":{"line":63,"column":82}},"type":"cond-expr","locations":[{"start":{"line":63,"column":30},"end":{"line":63,"column":54}},{"start":{"line":63,"column":57},"end":{"line":63,"column":82}}]},"7":{"loc":{"start":{"line":67,"column":8},"end":{"line":94,"column":9}},"type":"if","locations":[{"start":{"line":67,"column":8},"end":{"line":94,"column":9}},{"start":{"line":92,"column":15},"end":{"line":94,"column":9}}]},"8":{"loc":{"start":{"line":113,"column":26},"end":{"line":113,"column":60}},"type":"cond-expr","locations":[{"start":{"line":113,"column":47},"end":{"line":113,"column":51}},{"start":{"line":113,"column":51},"end":{"line":113,"column":60}}]},"9":{"loc":{"start":{"line":113,"column":26},"end":{"line":113,"column":51}},"type":"binary-expr","locations":[{"start":{"line":113,"column":26},"end":{"line":113,"column":51}},{"start":{"line":113,"column":47},"end":{"line":113,"column":51}}]},"10":{"loc":{"start":{"line":113,"column":26},"end":{"line":113,"column":47}},"type":"cond-expr","locations":[{"start":{"line":113,"column":41},"end":{"line":113,"column":43}},{"start":{"line":113,"column":41},"end":{"line":113,"column":47}}]},"11":{"loc":{"start":{"line":113,"column":26},"end":{"line":113,"column":43}},"type":"binary-expr","locations":[{"start":{"line":113,"column":26},"end":{"line":113,"column":43}},{"start":{"line":113,"column":41},"end":{"line":113,"column":43}}]},"12":{"loc":{"start":{"line":113,"column":26},"end":{"line":113,"column":41}},"type":"cond-expr","locations":[{"start":{"line":113,"column":35},"end":{"line":113,"column":37}},{"start":{"line":113,"column":26},"end":{"line":113,"column":41}}]},"13":{"loc":{"start":{"line":113,"column":26},"end":{"line":113,"column":37}},"type":"binary-expr","locations":[{"start":{"line":113,"column":26},"end":{"line":113,"column":37}},{"start":{"line":113,"column":26},"end":{"line":113,"column":37}}]},"14":{"loc":{"start":{"line":114,"column":28},"end":{"line":114,"column":57}},"type":"cond-expr","locations":[{"start":{"line":114,"column":51},"end":{"line":114,"column":55}},{"start":{"line":114,"column":55},"end":{"line":114,"column":57}}]},"15":{"loc":{"start":{"line":114,"column":28},"end":{"line":114,"column":55}},"type":"binary-expr","locations":[{"start":{"line":114,"column":28},"end":{"line":114,"column":55}},{"start":{"line":114,"column":51},"end":{"line":114,"column":55}}]},"16":{"loc":{"start":{"line":114,"column":28},"end":{"line":114,"column":51}},"type":"cond-expr","locations":[{"start":{"line":114,"column":43},"end":{"line":114,"column":45}},{"start":{"line":114,"column":43},"end":{"line":114,"column":51}}]},"17":{"loc":{"start":{"line":114,"column":28},"end":{"line":114,"column":45}},"type":"binary-expr","locations":[{"start":{"line":114,"column":28},"end":{"line":114,"column":45}},{"start":{"line":114,"column":43},"end":{"line":114,"column":45}}]},"18":{"loc":{"start":{"line":114,"column":28},"end":{"line":114,"column":43}},"type":"cond-expr","locations":[{"start":{"line":114,"column":37},"end":{"line":114,"column":39}},{"start":{"line":114,"column":28},"end":{"line":114,"column":43}}]},"19":{"loc":{"start":{"line":114,"column":28},"end":{"line":114,"column":39}},"type":"binary-expr","locations":[{"start":{"line":114,"column":28},"end":{"line":114,"column":39}},{"start":{"line":114,"column":28},"end":{"line":114,"column":39}}]},"20":{"loc":{"start":{"line":115,"column":27},"end":{"line":115,"column":54}},"type":"cond-expr","locations":[{"start":{"line":115,"column":49},"end":{"line":115,"column":53}},{"start":{"line":115,"column":53},"end":{"line":115,"column":54}}]},"21":{"loc":{"start":{"line":115,"column":27},"end":{"line":115,"column":53}},"type":"binary-expr","locations":[{"start":{"line":115,"column":27},"end":{"line":115,"column":53}},{"start":{"line":115,"column":49},"end":{"line":115,"column":53}}]},"22":{"loc":{"start":{"line":115,"column":27},"end":{"line":115,"column":49}},"type":"cond-expr","locations":[{"start":{"line":115,"column":42},"end":{"line":115,"column":44}},{"start":{"line":115,"column":42},"end":{"line":115,"column":49}}]},"23":{"loc":{"start":{"line":115,"column":27},"end":{"line":115,"column":44}},"type":"binary-expr","locations":[{"start":{"line":115,"column":27},"end":{"line":115,"column":44}},{"start":{"line":115,"column":42},"end":{"line":115,"column":44}}]},"24":{"loc":{"start":{"line":115,"column":27},"end":{"line":115,"column":42}},"type":"cond-expr","locations":[{"start":{"line":115,"column":36},"end":{"line":115,"column":38}},{"start":{"line":115,"column":27},"end":{"line":115,"column":42}}]},"25":{"loc":{"start":{"line":115,"column":27},"end":{"line":115,"column":38}},"type":"binary-expr","locations":[{"start":{"line":115,"column":27},"end":{"line":115,"column":38}},{"start":{"line":115,"column":27},"end":{"line":115,"column":38}}]},"26":{"loc":{"start":{"line":116,"column":28},"end":{"line":116,"column":56}},"type":"cond-expr","locations":[{"start":{"line":116,"column":51},"end":{"line":116,"column":55}},{"start":{"line":116,"column":55},"end":{"line":116,"column":56}}]},"27":{"loc":{"start":{"line":116,"column":28},"end":{"line":116,"column":55}},"type":"binary-expr","locations":[{"start":{"line":116,"column":28},"end":{"line":116,"column":55}},{"start":{"line":116,"column":51},"end":{"line":116,"column":55}}]},"28":{"loc":{"start":{"line":116,"column":28},"end":{"line":116,"column":51}},"type":"cond-expr","locations":[{"start":{"line":116,"column":43},"end":{"line":116,"column":45}},{"start":{"line":116,"column":43},"end":{"line":116,"column":51}}]},"29":{"loc":{"start":{"line":116,"column":28},"end":{"line":116,"column":45}},"type":"binary-expr","locations":[{"start":{"line":116,"column":28},"end":{"line":116,"column":45}},{"start":{"line":116,"column":43},"end":{"line":116,"column":45}}]},"30":{"loc":{"start":{"line":116,"column":28},"end":{"line":116,"column":43}},"type":"cond-expr","locations":[{"start":{"line":116,"column":37},"end":{"line":116,"column":39}},{"start":{"line":116,"column":28},"end":{"line":116,"column":43}}]},"31":{"loc":{"start":{"line":116,"column":28},"end":{"line":116,"column":39}},"type":"binary-expr","locations":[{"start":{"line":116,"column":28},"end":{"line":116,"column":39}},{"start":{"line":116,"column":28},"end":{"line":116,"column":39}}]},"32":{"loc":{"start":{"line":117,"column":35},"end":{"line":117,"column":70}},"type":"cond-expr","locations":[{"start":{"line":117,"column":65},"end":{"line":117,"column":69}},{"start":{"line":117,"column":69},"end":{"line":117,"column":70}}]},"33":{"loc":{"start":{"line":117,"column":35},"end":{"line":117,"column":69}},"type":"binary-expr","locations":[{"start":{"line":117,"column":35},"end":{"line":117,"column":69}},{"start":{"line":117,"column":65},"end":{"line":117,"column":69}}]},"34":{"loc":{"start":{"line":117,"column":35},"end":{"line":117,"column":65}},"type":"cond-expr","locations":[{"start":{"line":117,"column":50},"end":{"line":117,"column":52}},{"start":{"line":117,"column":50},"end":{"line":117,"column":65}}]},"35":{"loc":{"start":{"line":117,"column":35},"end":{"line":117,"column":52}},"type":"binary-expr","locations":[{"start":{"line":117,"column":35},"end":{"line":117,"column":52}},{"start":{"line":117,"column":50},"end":{"line":117,"column":52}}]},"36":{"loc":{"start":{"line":117,"column":35},"end":{"line":117,"column":50}},"type":"cond-expr","locations":[{"start":{"line":117,"column":44},"end":{"line":117,"column":46}},{"start":{"line":117,"column":35},"end":{"line":117,"column":50}}]},"37":{"loc":{"start":{"line":117,"column":35},"end":{"line":117,"column":46}},"type":"binary-expr","locations":[{"start":{"line":117,"column":35},"end":{"line":117,"column":46}},{"start":{"line":117,"column":35},"end":{"line":117,"column":46}}]},"38":{"loc":{"start":{"line":120,"column":17},"end":{"line":139,"column":null}},"type":"cond-expr","locations":[{"start":{"line":121,"column":20},"end":{"line":124,"column":null}},{"start":{"line":127,"column":20},"end":{"line":138,"column":null}}]},"39":{"loc":{"start":{"line":131,"column":35},"end":{"line":131,"column":54}},"type":"cond-expr","locations":[{"start":{"line":131,"column":48},"end":{"line":131,"column":50}},{"start":{"line":131,"column":35},"end":{"line":131,"column":54}}]},"40":{"loc":{"start":{"line":131,"column":35},"end":{"line":131,"column":50}},"type":"binary-expr","locations":[{"start":{"line":131,"column":35},"end":{"line":131,"column":50}},{"start":{"line":131,"column":35},"end":{"line":131,"column":50}}]},"41":{"loc":{"start":{"line":132,"column":37},"end":{"line":132,"column":58}},"type":"cond-expr","locations":[{"start":{"line":132,"column":50},"end":{"line":132,"column":52}},{"start":{"line":132,"column":37},"end":{"line":132,"column":58}}]},"42":{"loc":{"start":{"line":132,"column":37},"end":{"line":132,"column":52}},"type":"binary-expr","locations":[{"start":{"line":132,"column":37},"end":{"line":132,"column":52}},{"start":{"line":132,"column":37},"end":{"line":132,"column":52}}]}},"s":{"0":0,"1":0,"2":0,"3":0,"4":0,"5":0,"6":0,"7":0,"8":0,"9":0,"10":0,"11":0,"12":0,"13":0,"14":0,"15":0,"16":0,"17":0,"18":0,"19":0,"20":0,"21":0,"22":0,"23":0,"24":0,"25":0,"26":0,"27":0,"28":0,"29":0,"30":0,"31":0,"32":0,"33":0,"34":0,"35":0,"36":0,"37":0,"38":0,"39":0,"40":0,"41":0,"42":0,"43":0,"44":0,"45":0,"46":0,"47":0,"48":0,"49":0,"50":0,"51":0,"52":0,"53":0,"54":0,"55":0,"56":0,"57":0,"58":0,"59":0,"60":0,"61":0,"62":0},"f":{"0":0,"1":0,"2":0,"3":0,"4":0,"5":0,"6":0,"7":0,"8":0,"9":0,"10":0,"11":0},"b":{"0":[0],"1":[0,0],"2":[0,0],"3":[0,0],"4":[0],"5":[0,0],"6":[0,0],"7":[0,0],"8":[0,0],"9":[0,0],"10":[0,0],"11":[0,0],"12":[0,0],"13":[0,0],"14":[0,0],"15":[0,0],"16":[0,0],"17":[0,0],"18":[0,0],"19":[0,0],"20":[0,0],"21":[0,0],"22":[0,0],"23":[0,0],"24":[0,0],"25":[0,0],"26":[0,0],"27":[0,0],"28":[0,0],"29":[0,0],"30":[0,0],"31":[0,0],"32":[0,0],"33":[0,0],"34":[0,0],"35":[0,0],"36":[0,0],"37":[0,0],"38":[0,0],"39":[0,0],"40":[0,0],"41":[0,0],"42":[0,0]}}
,"/Users/bryannoel/Desktop/Y4S2/Final Year Project/FinalYearProject/client/src/components/stockDetails/tabButton.tsx": {"path":"/Users/bryannoel/Desktop/Y4S2/Final Year Project/FinalYearProject/client/src/components/stockDetails/tabButton.tsx","statementMap":{"0":{"start":{"line":5,"column":7},"end":{"line":14,"column":3}},"1":{"start":{"line":6,"column":4},"end":{"line":13,"column":6}},"2":{"start":{"line":9,"column":23},"end":{"line":9,"column":56}},"3":{"start":{"line":16,"column":0},"end":{"line":16,"column":25}}},"fnMap":{"0":{"name":"(anonymous_0)","decl":{"start":{"line":5,"column":7},"end":{"line":5,"column":8}},"loc":{"start":{"line":5,"column":46},"end":{"line":14,"column":3}}},"1":{"name":"(anonymous_1)","decl":{"start":{"line":9,"column":17},"end":{"line":9,"column":20}},"loc":{"start":{"line":9,"column":23},"end":{"line":9,"column":56}}}},"branchMap":{"0":{"loc":{"start":{"line":8,"column":41},"end":{"line":8,"column":90}},"type":"cond-expr","locations":[{"start":{"line":8,"column":77},"end":{"line":8,"column":85}},{"start":{"line":8,"column":88},"end":{"line":8,"column":90}}]}},"s":{"0":0,"1":0,"2":0,"3":0},"f":{"0":0,"1":0},"b":{"0":[0,0]}}
,"/Users/bryannoel/Desktop/Y4S2/Final Year Project/FinalYearProject/client/src/components/stockDetails/analystsRecommendation/analystsRecommendation.tsx": {"path":"/Users/bryannoel/Desktop/Y4S2/Final Year Project/FinalYearProject/client/src/components/stockDetails/analystsRecommendation/analystsRecommendation.tsx","statementMap":{"0":{"start":{"line":1,"column":0},"end":{"line":1,"column":49}},"1":{"start":{"line":3,"column":0},"end":{"line":3,"column":42}},"2":{"start":{"line":4,"column":0},"end":{"line":4,"column":44}},"3":{"start":{"line":5,"column":0},"end":{"line":5,"column":42}},"4":{"start":{"line":6,"column":0},"end":{"line":6,"column":38}},"5":{"start":{"line":12,"column":70},"end":{"line":63,"column":1}},"6":{"start":{"line":13,"column":23},"end":{"line":13,"column":51}},"7":{"start":{"line":14,"column":24},"end":{"line":14,"column":52}},"8":{"start":{"line":15,"column":23},"end":{"line":15,"column":51}},"9":{"start":{"line":17,"column":4},"end":{"line":32,"column":20}},"10":{"start":{"line":18,"column":25},"end":{"line":25,"column":30}},"11":{"start":{"line":19,"column":12},"end":{"line":24,"column":15}},"12":{"start":{"line":20,"column":16},"end":{"line":23,"column":17}},"13":{"start":{"line":21,"column":20},"end":{"line":21,"column":61}},"14":{"start":{"line":22,"column":20},"end":{"line":22,"column":53}},"15":{"start":{"line":27,"column":8},"end":{"line":27,"column":69}},"16":{"start":{"line":27,"column":32},"end":{"line":27,"column":69}},"17":{"start":{"line":28,"column":8},"end":{"line":28,"column":71}},"18":{"start":{"line":28,"column":33},"end":{"line":28,"column":71}},"19":{"start":{"line":29,"column":8},"end":{"line":29,"column":69}},"20":{"start":{"line":29,"column":32},"end":{"line":29,"column":69}},"21":{"start":{"line":31,"column":8},"end":{"line":31,"column":43}},"22":{"start":{"line":31,"column":21},"end":{"line":31,"column":42}},"23":{"start":{"line":34,"column":4},"end":{"line":34,"column":39}},"24":{"start":{"line":34,"column":27},"end":{"line":34,"column":39}},"25":{"start":{"line":36,"column":4},"end":{"line":62,"column":6}},"26":{"start":{"line":65,"column":0},"end":{"line":65,"column":38}}},"fnMap":{"0":{"name":"(anonymous_0)","decl":{"start":{"line":12,"column":70},"end":{"line":12,"column":71}},"loc":{"start":{"line":12,"column":88},"end":{"line":63,"column":1}}},"1":{"name":"(anonymous_1)","decl":{"start":{"line":17,"column":14},"end":{"line":17,"column":17}},"loc":{"start":{"line":17,"column":19},"end":{"line":32,"column":5}}},"2":{"name":"(anonymous_2)","decl":{"start":{"line":18,"column":50},"end":{"line":18,"column":51}},"loc":{"start":{"line":18,"column":62},"end":{"line":25,"column":9}}},"3":{"name":"(anonymous_3)","decl":{"start":{"line":19,"column":28},"end":{"line":19,"column":33}},"loc":{"start":{"line":19,"column":36},"end":{"line":24,"column":13}}},"4":{"name":"(anonymous_4)","decl":{"start":{"line":31,"column":15},"end":{"line":31,"column":18}},"loc":{"start":{"line":31,"column":21},"end":{"line":31,"column":42}}}},"branchMap":{"0":{"loc":{"start":{"line":20,"column":16},"end":{"line":23,"column":17}},"type":"if","locations":[{"start":{"line":20,"column":16},"end":{"line":23,"column":17}}]},"1":{"loc":{"start":{"line":27,"column":8},"end":{"line":27,"column":69}},"type":"if","locations":[{"start":{"line":27,"column":8},"end":{"line":27,"column":69}}]},"2":{"loc":{"start":{"line":28,"column":8},"end":{"line":28,"column":71}},"type":"if","locations":[{"start":{"line":28,"column":8},"end":{"line":28,"column":71}}]},"3":{"loc":{"start":{"line":29,"column":8},"end":{"line":29,"column":69}},"type":"if","locations":[{"start":{"line":29,"column":8},"end":{"line":29,"column":69}}]},"4":{"loc":{"start":{"line":34,"column":4},"end":{"line":34,"column":39}},"type":"if","locations":[{"start":{"line":34,"column":4},"end":{"line":34,"column":39}}]},"5":{"loc":{"start":{"line":38,"column":14},"end":{"line":39,"column":88}},"type":"cond-expr","locations":[{"start":{"line":39,"column":16},"end":{"line":39,"column":81}},{"start":{"line":39,"column":84},"end":{"line":39,"column":88}}]},"6":{"loc":{"start":{"line":38,"column":14},"end":{"line":38,"column":54}},"type":"binary-expr","locations":[{"start":{"line":38,"column":14},"end":{"line":38,"column":32}},{"start":{"line":38,"column":36},"end":{"line":38,"column":54}}]},"7":{"loc":{"start":{"line":41,"column":17},"end":{"line":44,"column":null}},"type":"binary-expr","locations":[{"start":{"line":41,"column":17},"end":{"line":41,"column":35}},{"start":{"line":42,"column":20},"end":{"line":43,"column":null}}]},"8":{"loc":{"start":{"line":47,"column":17},"end":{"line":50,"column":null}},"type":"binary-expr","locations":[{"start":{"line":47,"column":17},"end":{"line":47,"column":35}},{"start":{"line":48,"column":20},"end":{"line":49,"column":null}}]},"9":{"loc":{"start":{"line":53,"column":17},"end":{"line":58,"column":null}},"type":"binary-expr","locations":[{"start":{"line":53,"column":17},"end":{"line":53,"column":52}},{"start":{"line":53,"column":56},"end":{"line":53,"column":95}},{"start":{"line":54,"column":20},"end":{"line":57,"column":null}}]},"10":{"loc":{"start":{"line":53,"column":17},"end":{"line":53,"column":52}},"type":"cond-expr","locations":[{"start":{"line":53,"column":44},"end":{"line":53,"column":46}},{"start":{"line":53,"column":44},"end":{"line":53,"column":52}}]},"11":{"loc":{"start":{"line":53,"column":17},"end":{"line":53,"column":46}},"type":"binary-expr","locations":[{"start":{"line":53,"column":17},"end":{"line":53,"column":46}},{"start":{"line":53,"column":44},"end":{"line":53,"column":46}}]},"12":{"loc":{"start":{"line":53,"column":17},"end":{"line":53,"column":44}},"type":"cond-expr","locations":[{"start":{"line":53,"column":35},"end":{"line":53,"column":37}},{"start":{"line":53,"column":35},"end":{"line":53,"column":44}}]},"13":{"loc":{"start":{"line":53,"column":17},"end":{"line":53,"column":37}},"type":"binary-expr","locations":[{"start":{"line":53,"column":17},"end":{"line":53,"column":37}},{"start":{"line":53,"column":35},"end":{"line":53,"column":37}}]},"14":{"loc":{"start":{"line":53,"column":56},"end":{"line":53,"column":91}},"type":"cond-expr","locations":[{"start":{"line":53,"column":83},"end":{"line":53,"column":85}},{"start":{"line":53,"column":83},"end":{"line":53,"column":91}}]},"15":{"loc":{"start":{"line":53,"column":56},"end":{"line":53,"column":85}},"type":"binary-expr","locations":[{"start":{"line":53,"column":56},"end":{"line":53,"column":85}},{"start":{"line":53,"column":83},"end":{"line":53,"column":85}}]},"16":{"loc":{"start":{"line":53,"column":56},"end":{"line":53,"column":83}},"type":"cond-expr","locations":[{"start":{"line":53,"column":74},"end":{"line":53,"column":76}},{"start":{"line":53,"column":74},"end":{"line":53,"column":83}}]},"17":{"loc":{"start":{"line":53,"column":56},"end":{"line":53,"column":76}},"type":"binary-expr","locations":[{"start":{"line":53,"column":56},"end":{"line":53,"column":76}},{"start":{"line":53,"column":74},"end":{"line":53,"column":76}}]}},"s":{"0":0,"1":0,"2":0,"3":0,"4":0,"5":0,"6":0,"7":0,"8":0,"9":0,"10":0,"11":0,"12":0,"13":0,"14":0,"15":0,"16":0,"17":0,"18":0,"19":0,"20":0,"21":0,"22":0,"23":0,"24":0,"25":0,"26":0},"f":{"0":0,"1":0,"2":0,"3":0,"4":0},"b":{"0":[0],"1":[0],"2":[0],"3":[0],"4":[0],"5":[0,0],"6":[0,0],"7":[0,0],"8":[0,0],"9":[0,0,0],"10":[0,0],"11":[0,0],"12":[0,0],"13":[0,0],"14":[0,0],"15":[0,0],"16":[0,0],"17":[0,0]}}
,"/Users/bryannoel/Desktop/Y4S2/Final Year Project/FinalYearProject/client/src/components/stockDetails/analystsRecommendation/stockForecast.tsx": {"path":"/Users/bryannoel/Desktop/Y4S2/Final Year Project/FinalYearProject/client/src/components/stockDetails/analystsRecommendation/stockForecast.tsx","statementMap":{"0":{"start":{"line":8,"column":52},"end":{"line":36,"column":1}},"1":{"start":{"line":9,"column":4},"end":{"line":9,"column":69}},"2":{"start":{"line":9,"column":57},"end":{"line":9,"column":69}},"3":{"start":{"line":11,"column":4},"end":{"line":35,"column":6}},"4":{"start":{"line":38,"column":0},"end":{"line":38,"column":29}}},"fnMap":{"0":{"name":"(anonymous_0)","decl":{"start":{"line":8,"column":52},"end":{"line":8,"column":53}},"loc":{"start":{"line":8,"column":70},"end":{"line":36,"column":1}}}},"branchMap":{"0":{"loc":{"start":{"line":9,"column":4},"end":{"line":9,"column":69}},"type":"if","locations":[{"start":{"line":9,"column":4},"end":{"line":9,"column":69}}]},"1":{"loc":{"start":{"line":9,"column":8},"end":{"line":9,"column":55}},"type":"binary-expr","locations":[{"start":{"line":9,"column":8},"end":{"line":9,"column":25}},{"start":{"line":9,"column":29},"end":{"line":9,"column":55}}]}},"s":{"0":0,"1":0,"2":0,"3":0,"4":0},"f":{"0":0},"b":{"0":[0],"1":[0,0]}}
,"/Users/bryannoel/Desktop/Y4S2/Final Year Project/FinalYearProject/client/src/components/stockDetails/analystsRecommendation/stockRatings.tsx": {"path":"/Users/bryannoel/Desktop/Y4S2/Final Year Project/FinalYearProject/client/src/components/stockDetails/analystsRecommendation/stockRatings.tsx","statementMap":{"0":{"start":{"line":9,"column":50},"end":{"line":29,"column":1}},"1":{"start":{"line":10,"column":4},"end":{"line":10,"column":150}},"2":{"start":{"line":10,"column":138},"end":{"line":10,"column":150}},"3":{"start":{"line":12,"column":4},"end":{"line":28,"column":6}},"4":{"start":{"line":16,"column":24},"end":{"line":18,"column":36}},"5":{"start":{"line":20,"column":20},"end":{"line":25,"column":22}},"6":{"start":{"line":31,"column":0},"end":{"line":31,"column":28}}},"fnMap":{"0":{"name":"(anonymous_0)","decl":{"start":{"line":9,"column":50},"end":{"line":9,"column":51}},"loc":{"start":{"line":9,"column":68},"end":{"line":29,"column":1}}},"1":{"name":"(anonymous_1)","decl":{"start":{"line":14,"column":49},"end":{"line":14,"column":50}},"loc":{"start":{"line":14,"column":87},"end":{"line":26,"column":17}}}},"branchMap":{"0":{"loc":{"start":{"line":10,"column":4},"end":{"line":10,"column":150}},"type":"if","locations":[{"start":{"line":10,"column":4},"end":{"line":10,"column":150}}]},"1":{"loc":{"start":{"line":10,"column":8},"end":{"line":10,"column":136}},"type":"binary-expr","locations":[{"start":{"line":10,"column":8},"end":{"line":10,"column":25}},{"start":{"line":10,"column":29},"end":{"line":10,"column":55}},{"start":{"line":10,"column":59},"end":{"line":10,"column":93}},{"start":{"line":10,"column":97},"end":{"line":10,"column":136}}]},"2":{"loc":{"start":{"line":16,"column":24},"end":{"line":18,"column":36}},"type":"cond-expr","locations":[{"start":{"line":16,"column":44},"end":{"line":16,"column":58}},{"start":{"line":17,"column":24},"end":{"line":18,"column":36}}]},"3":{"loc":{"start":{"line":17,"column":24},"end":{"line":18,"column":36}},"type":"cond-expr","locations":[{"start":{"line":17,"column":44},"end":{"line":17,"column":57}},{"start":{"line":18,"column":24},"end":{"line":18,"column":36}}]}},"s":{"0":0,"1":0,"2":0,"3":0,"4":0,"5":0,"6":0},"f":{"0":0,"1":0},"b":{"0":[0],"1":[0,0,0,0],"2":[0,0],"3":[0,0]}}
,"/Users/bryannoel/Desktop/Y4S2/Final Year Project/FinalYearProject/client/src/components/stockDetails/analystsRecommendation/stockVerdict.tsx": {"path":"/Users/bryannoel/Desktop/Y4S2/Final Year Project/FinalYearProject/client/src/components/stockDetails/analystsRecommendation/stockVerdict.tsx","statementMap":{"0":{"start":{"line":8,"column":50},"end":{"line":32,"column":1}},"1":{"start":{"line":9,"column":4},"end":{"line":9,"column":69}},"2":{"start":{"line":9,"column":57},"end":{"line":9,"column":69}},"3":{"start":{"line":10,"column":4},"end":{"line":10,"column":36}},"4":{"start":{"line":11,"column":4},"end":{"line":31,"column":6}},"5":{"start":{"line":34,"column":0},"end":{"line":34,"column":28}}},"fnMap":{"0":{"name":"(anonymous_0)","decl":{"start":{"line":8,"column":50},"end":{"line":8,"column":51}},"loc":{"start":{"line":8,"column":68},"end":{"line":32,"column":1}}}},"branchMap":{"0":{"loc":{"start":{"line":9,"column":4},"end":{"line":9,"column":69}},"type":"if","locations":[{"start":{"line":9,"column":4},"end":{"line":9,"column":69}}]},"1":{"loc":{"start":{"line":9,"column":8},"end":{"line":9,"column":55}},"type":"binary-expr","locations":[{"start":{"line":9,"column":8},"end":{"line":9,"column":25}},{"start":{"line":9,"column":29},"end":{"line":9,"column":55}}]}},"s":{"0":0,"1":0,"2":0,"3":0,"4":0,"5":0},"f":{"0":0},"b":{"0":[0],"1":[0,0]}}
,"/Users/bryannoel/Desktop/Y4S2/Final Year Project/FinalYearProject/client/src/components/stockDetails/benjaminGraham/benjaminGraham.tsx": {"path":"/Users/bryannoel/Desktop/Y4S2/Final Year Project/FinalYearProject/client/src/components/stockDetails/benjaminGraham/benjaminGraham.tsx","statementMap":{"0":{"start":{"line":1,"column":0},"end":{"line":1,"column":40}},"1":{"start":{"line":2,"column":0},"end":{"line":2,"column":77}},"2":{"start":{"line":4,"column":0},"end":{"line":4,"column":65}},"3":{"start":{"line":5,"column":0},"end":{"line":5,"column":110}},"4":{"start":{"line":6,"column":0},"end":{"line":6,"column":30}},"5":{"start":{"line":13,"column":54},"end":{"line":93,"column":1}},"6":{"start":{"line":14,"column":2},"end":{"line":14,"column":37}},"7":{"start":{"line":14,"column":25},"end":{"line":14,"column":37}},"8":{"start":{"line":16,"column":44},"end":{"line":16,"column":66}},"9":{"start":{"line":18,"column":15},"end":{"line":18,"column":106}},"10":{"start":{"line":20,"column":30},"end":{"line":28,"column":3}},"11":{"start":{"line":21,"column":4},"end":{"line":27,"column":7}},"12":{"start":{"line":22,"column":6},"end":{"line":26,"column":7}},"13":{"start":{"line":23,"column":8},"end":{"line":23,"column":51}},"14":{"start":{"line":23,"column":35},"end":{"line":23,"column":49}},"15":{"start":{"line":25,"column":8},"end":{"line":25,"column":32}},"16":{"start":{"line":30,"column":2},"end":{"line":92,"column":4}},"17":{"start":{"line":45,"column":29},"end":{"line":45,"column":58}},"18":{"start":{"line":46,"column":27},"end":{"line":46,"column":90}},"19":{"start":{"line":47,"column":29},"end":{"line":47,"column":69}},"20":{"start":{"line":49,"column":10},"end":{"line":88,"column":12}},"21":{"start":{"line":64,"column":35},"end":{"line":64,"column":61}},"22":{"start":{"line":95,"column":0},"end":{"line":95,"column":30}}},"fnMap":{"0":{"name":"(anonymous_0)","decl":{"start":{"line":13,"column":54},"end":{"line":13,"column":55}},"loc":{"start":{"line":13,"column":86},"end":{"line":93,"column":1}}},"1":{"name":"(anonymous_1)","decl":{"start":{"line":20,"column":30},"end":{"line":20,"column":31}},"loc":{"start":{"line":20,"column":48},"end":{"line":28,"column":3}}},"2":{"name":"(anonymous_2)","decl":{"start":{"line":21,"column":21},"end":{"line":21,"column":25}},"loc":{"start":{"line":21,"column":28},"end":{"line":27,"column":5}}},"3":{"name":"(anonymous_3)","decl":{"start":{"line":23,"column":27},"end":{"line":23,"column":31}},"loc":{"start":{"line":23,"column":35},"end":{"line":23,"column":49}}},"4":{"name":"(anonymous_4)","decl":{"start":{"line":44,"column":34},"end":{"line":44,"column":35}},"loc":{"start":{"line":44,"column":77},"end":{"line":89,"column":9}}},"5":{"name":"(anonymous_5)","decl":{"start":{"line":64,"column":29},"end":{"line":64,"column":32}},"loc":{"start":{"line":64,"column":35},"end":{"line":64,"column":61}}}},"branchMap":{"0":{"loc":{"start":{"line":14,"column":2},"end":{"line":14,"column":37}},"type":"if","locations":[{"start":{"line":14,"column":2},"end":{"line":14,"column":37}}]},"1":{"loc":{"start":{"line":18,"column":15},"end":{"line":18,"column":106}},"type":"cond-expr","locations":[{"start":{"line":18,"column":46},"end":{"line":18,"column":73}},{"start":{"line":18,"column":76},"end":{"line":18,"column":106}}]},"2":{"loc":{"start":{"line":22,"column":6},"end":{"line":26,"column":7}},"type":"if","locations":[{"start":{"line":22,"column":6},"end":{"line":26,"column":7}},{"start":{"line":24,"column":13},"end":{"line":26,"column":7}}]},"3":{"loc":{"start":{"line":35,"column":11},"end":{"line":35,"column":88}},"type":"cond-expr","locations":[{"start":{"line":35,"column":42},"end":{"line":35,"column":62}},{"start":{"line":35,"column":65},"end":{"line":35,"column":88}}]},"4":{"loc":{"start":{"line":38,"column":11},"end":{"line":38,"column":184}},"type":"cond-expr","locations":[{"start":{"line":38,"column":42},"end":{"line":38,"column":105}},{"start":{"line":38,"column":108},"end":{"line":38,"column":184}}]},"5":{"loc":{"start":{"line":46,"column":27},"end":{"line":46,"column":90}},"type":"binary-expr","locations":[{"start":{"line":46,"column":27},"end":{"line":46,"column":44}},{"start":{"line":46,"column":48},"end":{"line":46,"column":67}},{"start":{"line":46,"column":71},"end":{"line":46,"column":90}}]},"6":{"loc":{"start":{"line":47,"column":29},"end":{"line":47,"column":69}},"type":"cond-expr","locations":[{"start":{"line":47,"column":40},"end":{"line":47,"column":53}},{"start":{"line":47,"column":56},"end":{"line":47,"column":69}}]},"7":{"loc":{"start":{"line":59,"column":48},"end":{"line":59,"column":78}},"type":"cond-expr","locations":[{"start":{"line":59,"column":59},"end":{"line":59,"column":67}},{"start":{"line":59,"column":70},"end":{"line":59,"column":78}}]},"8":{"loc":{"start":{"line":63,"column":48},"end":{"line":63,"column":76}},"type":"cond-expr","locations":[{"start":{"line":63,"column":61},"end":{"line":63,"column":71}},{"start":{"line":63,"column":74},"end":{"line":63,"column":76}}]},"9":{"loc":{"start":{"line":65,"column":32},"end":{"line":65,"column":82}},"type":"cond-expr","locations":[{"start":{"line":65,"column":45},"end":{"line":65,"column":63}},{"start":{"line":65,"column":66},"end":{"line":65,"column":82}}]},"10":{"loc":{"start":{"line":73,"column":46},"end":{"line":73,"column":74}},"type":"cond-expr","locations":[{"start":{"line":73,"column":59},"end":{"line":73,"column":69}},{"start":{"line":73,"column":72},"end":{"line":73,"column":74}}]},"11":{"loc":{"start":{"line":74,"column":17},"end":{"line":78,"column":null}},"type":"binary-expr","locations":[{"start":{"line":74,"column":17},"end":{"line":74,"column":27}},{"start":{"line":75,"column":18},"end":{"line":77,"column":null}}]},"12":{"loc":{"start":{"line":84,"column":43},"end":{"line":84,"column":73}},"type":"cond-expr","locations":[{"start":{"line":84,"column":54},"end":{"line":84,"column":62}},{"start":{"line":84,"column":65},"end":{"line":84,"column":73}}]},"13":{"loc":{"start":{"line":85,"column":32},"end":{"line":85,"column":57}},"type":"cond-expr","locations":[{"start":{"line":85,"column":43},"end":{"line":85,"column":49}},{"start":{"line":85,"column":52},"end":{"line":85,"column":57}}]}},"s":{"0":0,"1":0,"2":0,"3":0,"4":0,"5":0,"6":0,"7":0,"8":0,"9":0,"10":0,"11":0,"12":0,"13":0,"14":0,"15":0,"16":0,"17":0,"18":0,"19":0,"20":0,"21":0,"22":0},"f":{"0":0,"1":0,"2":0,"3":0,"4":0,"5":0},"b":{"0":[0],"1":[0,0],"2":[0,0],"3":[0,0],"4":[0,0],"5":[0,0,0],"6":[0,0],"7":[0,0],"8":[0,0],"9":[0,0],"10":[0,0],"11":[0,0],"12":[0,0],"13":[0,0]}}
,"/Users/bryannoel/Desktop/Y4S2/Final Year Project/FinalYearProject/client/src/components/stockDetails/benjaminGraham/benjaminGrahamData.tsx": {"path":"/Users/bryannoel/Desktop/Y4S2/Final Year Project/FinalYearProject/client/src/components/stockDetails/benjaminGraham/benjaminGrahamData.tsx","statementMap":{"0":{"start":{"line":2,"column":0},"end":{"line":2,"column":190}},"1":{"start":{"line":4,"column":32},"end":{"line":45,"column":3}},"2":{"start":{"line":4,"column":54},"end":{"line":45,"column":3}},"3":{"start":{"line":4,"column":13},"end":{"line":4,"column":32}},"4":{"start":{"line":47,"column":35},"end":{"line":88,"column":3}},"5":{"start":{"line":47,"column":57},"end":{"line":88,"column":3}},"6":{"start":{"line":47,"column":13},"end":{"line":47,"column":35}}},"fnMap":{"0":{"name":"(anonymous_0)","decl":{"start":{"line":4,"column":32},"end":{"line":4,"column":33}},"loc":{"start":{"line":4,"column":53},"end":{"line":45,"column":3}}},"1":{"name":"(anonymous_1)","decl":{"start":{"line":47,"column":35},"end":{"line":47,"column":36}},"loc":{"start":{"line":47,"column":56},"end":{"line":88,"column":3}}}},"branchMap":{"0":{"loc":{"start":{"line":6,"column":25},"end":{"line":6,"column":62}},"type":"cond-expr","locations":[{"start":{"line":6,"column":55},"end":{"line":6,"column":59}},{"start":{"line":6,"column":59},"end":{"line":6,"column":62}}]},"1":{"loc":{"start":{"line":6,"column":25},"end":{"line":6,"column":59}},"type":"binary-expr","locations":[{"start":{"line":6,"column":25},"end":{"line":6,"column":59}},{"start":{"line":6,"column":55},"end":{"line":6,"column":59}}]},"2":{"loc":{"start":{"line":6,"column":25},"end":{"line":6,"column":55}},"type":"cond-expr","locations":[{"start":{"line":6,"column":41},"end":{"line":6,"column":43}},{"start":{"line":6,"column":41},"end":{"line":6,"column":55}}]},"3":{"loc":{"start":{"line":6,"column":25},"end":{"line":6,"column":43}},"type":"binary-expr","locations":[{"start":{"line":6,"column":25},"end":{"line":6,"column":43}},{"start":{"line":6,"column":41},"end":{"line":6,"column":43}}]},"4":{"loc":{"start":{"line":8,"column":13},"end":{"line":8,"column":93}},"type":"cond-expr","locations":[{"start":{"line":8,"column":78},"end":{"line":8,"column":85}},{"start":{"line":8,"column":88},"end":{"line":8,"column":93}}]},"5":{"loc":{"start":{"line":8,"column":24},"end":{"line":8,"column":61}},"type":"cond-expr","locations":[{"start":{"line":8,"column":54},"end":{"line":8,"column":58}},{"start":{"line":8,"column":58},"end":{"line":8,"column":61}}]},"6":{"loc":{"start":{"line":8,"column":24},"end":{"line":8,"column":58}},"type":"binary-expr","locations":[{"start":{"line":8,"column":24},"end":{"line":8,"column":58}},{"start":{"line":8,"column":54},"end":{"line":8,"column":58}}]},"7":{"loc":{"start":{"line":8,"column":24},"end":{"line":8,"column":54}},"type":"cond-expr","locations":[{"start":{"line":8,"column":40},"end":{"line":8,"column":42}},{"start":{"line":8,"column":40},"end":{"line":8,"column":54}}]},"8":{"loc":{"start":{"line":8,"column":24},"end":{"line":8,"column":42}},"type":"binary-expr","locations":[{"start":{"line":8,"column":24},"end":{"line":8,"column":42}},{"start":{"line":8,"column":40},"end":{"line":8,"column":42}}]},"9":{"loc":{"start":{"line":11,"column":13},"end":{"line":11,"column":52}},"type":"cond-expr","locations":[{"start":{"line":11,"column":43},"end":{"line":11,"column":47}},{"start":{"line":11,"column":47},"end":{"line":11,"column":52}}]},"10":{"loc":{"start":{"line":11,"column":13},"end":{"line":11,"column":47}},"type":"binary-expr","locations":[{"start":{"line":11,"column":13},"end":{"line":11,"column":47}},{"start":{"line":11,"column":43},"end":{"line":11,"column":47}}]},"11":{"loc":{"start":{"line":11,"column":13},"end":{"line":11,"column":43}},"type":"cond-expr","locations":[{"start":{"line":11,"column":29},"end":{"line":11,"column":31}},{"start":{"line":11,"column":29},"end":{"line":11,"column":43}}]},"12":{"loc":{"start":{"line":11,"column":13},"end":{"line":11,"column":31}},"type":"binary-expr","locations":[{"start":{"line":11,"column":13},"end":{"line":11,"column":31}},{"start":{"line":11,"column":29},"end":{"line":11,"column":31}}]},"13":{"loc":{"start":{"line":13,"column":13},"end":{"line":13,"column":85}},"type":"cond-expr","locations":[{"start":{"line":13,"column":70},"end":{"line":13,"column":77}},{"start":{"line":13,"column":80},"end":{"line":13,"column":85}}]},"14":{"loc":{"start":{"line":13,"column":24},"end":{"line":13,"column":61}},"type":"cond-expr","locations":[{"start":{"line":13,"column":54},"end":{"line":13,"column":58}},{"start":{"line":13,"column":58},"end":{"line":13,"column":61}}]},"15":{"loc":{"start":{"line":13,"column":24},"end":{"line":13,"column":58}},"type":"binary-expr","locations":[{"start":{"line":13,"column":24},"end":{"line":13,"column":58}},{"start":{"line":13,"column":54},"end":{"line":13,"column":58}}]},"16":{"loc":{"start":{"line":13,"column":24},"end":{"line":13,"column":54}},"type":"cond-expr","locations":[{"start":{"line":13,"column":40},"end":{"line":13,"column":42}},{"start":{"line":13,"column":40},"end":{"line":13,"column":54}}]},"17":{"loc":{"start":{"line":13,"column":24},"end":{"line":13,"column":42}},"type":"binary-expr","locations":[{"start":{"line":13,"column":24},"end":{"line":13,"column":42}},{"start":{"line":13,"column":40},"end":{"line":13,"column":42}}]},"18":{"loc":{"start":{"line":16,"column":13},"end":{"line":16,"column":72}},"type":"cond-expr","locations":[{"start":{"line":16,"column":51},"end":{"line":16,"column":59}},{"start":{"line":16,"column":62},"end":{"line":16,"column":72}}]},"19":{"loc":{"start":{"line":18,"column":13},"end":{"line":18,"column":66}},"type":"cond-expr","locations":[{"start":{"line":18,"column":51},"end":{"line":18,"column":58}},{"start":{"line":18,"column":61},"end":{"line":18,"column":66}}]},"20":{"loc":{"start":{"line":21,"column":13},"end":{"line":21,"column":78}},"type":"cond-expr","locations":[{"start":{"line":21,"column":57},"end":{"line":21,"column":65}},{"start":{"line":21,"column":68},"end":{"line":21,"column":78}}]},"21":{"loc":{"start":{"line":23,"column":13},"end":{"line":23,"column":72}},"type":"cond-expr","locations":[{"start":{"line":23,"column":57},"end":{"line":23,"column":64}},{"start":{"line":23,"column":67},"end":{"line":23,"column":72}}]},"22":{"loc":{"start":{"line":26,"column":13},"end":{"line":26,"column":138}},"type":"cond-expr","locations":[{"start":{"line":26,"column":71},"end":{"line":26,"column":130}},{"start":{"line":26,"column":133},"end":{"line":26,"column":138}}]},"23":{"loc":{"start":{"line":28,"column":13},"end":{"line":28,"column":88}},"type":"cond-expr","locations":[{"start":{"line":28,"column":73},"end":{"line":28,"column":80}},{"start":{"line":28,"column":83},"end":{"line":28,"column":88}}]},"24":{"loc":{"start":{"line":33,"column":13},"end":{"line":33,"column":75}},"type":"cond-expr","locations":[{"start":{"line":33,"column":60},"end":{"line":33,"column":67}},{"start":{"line":33,"column":70},"end":{"line":33,"column":75}}]},"25":{"loc":{"start":{"line":36,"column":13},"end":{"line":36,"column":182}},"type":"cond-expr","locations":[{"start":{"line":36,"column"
[...]
n":63},"end":{"line":99,"column":75}},"74":{"start":{"line":101,"column":4},"end":{"line":122,"column":6}},"75":{"start":{"line":105,"column":12},"end":{"line":106,"column":null}},"76":{"start":{"line":108,"column":29},"end":{"line":108,"column":57}},"77":{"start":{"line":125,"column":2},"end":{"line":137,"column":9}},"78":{"start":{"line":126,"column":31},"end":{"line":131,"column":5}},"79":{"start":{"line":127,"column":6},"end":{"line":130,"column":7}},"80":{"start":{"line":129,"column":8},"end":{"line":129,"column":31}},"81":{"start":{"line":133,"column":4},"end":{"line":133,"column":63}},"82":{"start":{"line":134,"column":4},"end":{"line":136,"column":6}},"83":{"start":{"line":135,"column":6},"end":{"line":135,"column":68}},"84":{"start":{"line":139,"column":2},"end":{"line":141,"column":17}},"85":{"start":{"line":140,"column":4},"end":{"line":140,"column":26}},"86":{"start":{"line":143,"column":2},"end":{"line":161,"column":19}},"87":{"start":{"line":144,"column":4},"end":{"line":144,"column":71}},"88":{"start":{"line":144,"column":33},"end":{"line":144,"column":71}},"89":{"start":{"line":146,"column":4},"end":{"line":156,"column":5}},"90":{"start":{"line":147,"column":6},"end":{"line":155,"column":14}},"91":{"start":{"line":148,"column":8},"end":{"line":148,"column":43}},"92":{"start":{"line":150,"column":8},"end":{"line":154,"column":11}},"93":{"start":{"line":151,"column":10},"end":{"line":151,"column":34}},"94":{"start":{"line":152,"column":10},"end":{"line":152,"column":32}},"95":{"start":{"line":153,"column":10},"end":{"line":153,"column":46}},"96":{"start":{"line":158,"column":4},"end":{"line":160,"column":6}},"97":{"start":{"line":159,"column":6},"end":{"line":159,"column":73}},"98":{"start":{"line":159,"column":35},"end":{"line":159,"column":73}},"99":{"start":{"line":163,"column":2},"end":{"line":218,"column":4}},"100":{"start":{"line":175,"column":27},"end":{"line":175,"column":73}},"101":{"start":{"line":191,"column":12},"end":{"line":192,"column":null}},"102":{"start":{"line":194,"column":29},"end":{"line":194,"column":45}},"103":{"start":{"line":221,"column":0},"end":{"line":221,"column":25}}},"fnMap":{"0":{"name":"StockList","decl":{"start":{"line":11,"column":9},"end":{"line":11,"column":18}},"loc":{"start":{"line":11,"column":18},"end":{"line":219,"column":1}}},"1":{"name":"(anonymous_8)","decl":{"start":{"line":27,"column":22},"end":{"line":27,"column":29}},"loc":{"start":{"line":27,"column":49},"end":{"line":53,"column":4}}},"2":{"name":"(anonymous_9)","decl":{"start":{"line":27,"column":49},"end":{"line":27,"column":null}},"loc":{"start":{"line":27,"column":49},"end":{"line":53,"column":3}}},"3":{"name":"(anonymous_10)","decl":{"start":{"line":55,"column":26},"end":{"line":55,"column":27}},"loc":{"start":{"line":55,"column":45},"end":{"line":60,"column":3}}},"4":{"name":"(anonymous_11)","decl":{"start":{"line":62,"column":29},"end":{"line":62,"column":30}},"loc":{"start":{"line":62,"column":72},"end":{"line":74,"column":3}}},"5":{"name":"(anonymous_12)","decl":{"start":{"line":76,"column":22},"end":{"line":76,"column":25}},"loc":{"start":{"line":76,"column":27},"end":{"line":85,"column":3}}},"6":{"name":"(anonymous_13)","decl":{"start":{"line":87,"column":25},"end":{"line":87,"column":26}},"loc":{"start":{"line":87,"column":57},"end":{"line":96,"column":3}}},"7":{"name":"(anonymous_14)","decl":{"start":{"line":93,"column":21},"end":{"line":93,"column":22}},"loc":{"start":{"line":94,"column":6},"end":{"line":94,"column":81}}},"8":{"name":"(anonymous_15)","decl":{"start":{"line":98,"column":25},"end":{"line":98,"column":28}},"loc":{"start":{"line":98,"column":30},"end":{"line":123,"column":3}}},"9":{"name":"(anonymous_16)","decl":{"start":{"line":104,"column":32},"end":{"line":104,"column":33}},"loc":{"start":{"line":105,"column":12},"end":{"line":106,"column":null}}},"10":{"name":"(anonymous_17)","decl":{"start":{"line":108,"column":23},"end":{"line":108,"column":26}},"loc":{"start":{"line":108,"column":29},"end":{"line":108,"column":57}}},"11":{"name":"(anonymous_18)","decl":{"start":{"line":125,"column":12},"end":{"line":125,"column":15}},"loc":{"start":{"line":125,"column":17},"end":{"line":137,"column":3}}},"12":{"name":"(anonymous_19)","decl":{"start":{"line":126,"column":31},"end":{"line":126,"column":32}},"loc":{"start":{"line":126,"column":53},"end":{"line":131,"column":5}}},"13":{"name":"(anonymous_20)","decl":{"start":{"line":134,"column":11},"end":{"line":134,"column":14}},"loc":{"start":{"line":134,"column":16},"end":{"line":136,"column":5}}},"14":{"name":"(anonymous_21)","decl":{"start":{"line":139,"column":12},"end":{"line":139,"column":15}},"loc":{"start":{"line":139,"column":17},"end":{"line":141,"column":3}}},"15":{"name":"(anonymous_22)","decl":{"start":{"line":143,"column":12},"end":{"line":143,"column":15}},"loc":{"start":{"line":143,"column":17},"end":{"line":161,"column":3}}},"16":{"name":"(anonymous_23)","decl":{"start":{"line":147,"column":43},"end":{"line":147,"column":46}},"loc":{"start":{"line":147,"column":48},"end":{"line":155,"column":7}}},"17":{"name":"(anonymous_24)","decl":{"start":{"line":150,"column":33},"end":{"line":150,"column":34}},"loc":{"start":{"line":150,"column":61},"end":{"line":154,"column":9}}},"18":{"name":"(anonymous_25)","decl":{"start":{"line":158,"column":11},"end":{"line":158,"column":14}},"loc":{"start":{"line":158,"column":16},"end":{"line":160,"column":5}}},"19":{"name":"(anonymous_26)","decl":{"start":{"line":175,"column":21},"end":{"line":175,"column":24}},"loc":{"start":{"line":175,"column":27},"end":{"line":175,"column":73}}},"20":{"name":"(anonymous_27)","decl":{"start":{"line":190,"column":26},"end":{"line":190,"column":27}},"loc":{"start":{"line":191,"column":12},"end":{"line":192,"column":null}}},"21":{"name":"(anonymous_28)","decl":{"start":{"line":194,"column":23},"end":{"line":194,"column":26}},"loc":{"start":{"line":194,"column":29},"end":{"line":194,"column":45}}}},"branchMap":{"0":{"loc":{"start":{"line":33,"column":6},"end":{"line":47,"column":7}},"type":"if","locations":[{"start":{"line":33,"column":6},"end":{"line":47,"column":7}},{"start":{"line":36,"column":13},"end":{"line":47,"column":7}}]},"1":{"loc":{"start":{"line":66,"column":4},"end":{"line":73,"column":5}},"type":"if","locations":[{"start":{"line":66,"column":4},"end":{"line":73,"column":5}},{"start":{"line":68,"column":11},"end":{"line":73,"column":5}}]},"2":{"loc":{"start":{"line":66,"column":8},"end":{"line":66,"column":41}},"type":"binary-expr","locations":[{"start":{"line":66,"column":8},"end":{"line":66,"column":25}},{"start":{"line":66,"column":29},"end":{"line":66,"column":41}}]},"3":{"loc":{"start":{"line":68,"column":11},"end":{"line":73,"column":5}},"type":"if","locations":[{"start":{"line":68,"column":11},"end":{"line":73,"column":5}}]},"4":{"loc":{"start":{"line":82,"column":4},"end":{"line":84,"column":5}},"type":"if","locations":[{"start":{"line":82,"column":4},"end":{"line":84,"column":5}}]},"5":{"loc":{"start":{"line":88,"column":4},"end":{"line":88,"column":28}},"type":"if","locations":[{"start":{"line":88,"column":4},"end":{"line":88,"column":28}}]},"6":{"loc":{"start":{"line":94,"column":6},"end":{"line":94,"column":81}},"type":"cond-expr","locations":[{"start":{"line":94,"column":25},"end":{"line":94,"column":39}},{"start":{"line":94,"column":77},"end":{"line":94,"column":81}}]},"7":{"loc":{"start":{"line":99,"column":4},"end":{"line":99,"column":75}},"type":"if","locations":[{"start":{"line":99,"column":4},"end":{"line":99,"column":75}}]},"8":{"loc":{"start":{"line":99,"column":8},"end":{"line":99,"column":61}},"type":"binary-expr","locations":[{"start":{"line":99,"column":8},"end":{"line":99,"column":27}},{"start":{"line":99,"column":31},"end":{"line":99,"column":61}}]},"9":{"loc":{"start":{"line":103,"column":9},"end":{"line":119,"column":null}},"type":"cond-expr","locations":[{"start":{"line":104,"column":10},"end":{"line":117,"column":12}},{"start":{"line":119,"column":10},"end":{"line":119,"column":68}}]},"10":{"loc":{"start":{"line":127,"column":6},"end":{"line":130,"column":7}},"type":"if","locations":[{"start":{"line":127,"column":6},"end":{"line":130,"column":7}}]},"11":{"loc":{"start":{"line":127,"column":10},"end":{"line":128,"column":90}},"type":"binary-expr","locations":[{"start":{"line":127,"column":10},"end":{"line":127,"column":29}},{"start":{"line":127,"column":33},"end":{"line":127,"column":84}},{"start":{"line":128,"column":10},"end":{"line":128,"column":32}},{"start":{"line":128,"column":36},"end":{"line":128,"column":90}}]},"12":{"loc":{"start":{"line":144,"column":4},"end":{"line":144,"column":71}},"type":"if","locations":[{"start":{"line":144,"column":4},"end":{"line":144,"column":71}}]},"13":{"loc":{"start":{"line":146,"column":4},"end":{"line":156,"column":5}},"type":"if","locations":[{"start":{"line":146,"column":4},"end":{"line":156,"column":5}}]},"14":{"loc":{"start":{"line":159,"column":6},"end":{"line":159,"column":73}},"type":"if","locations":[{"start":{"line":159,"column":6},"end":{"line":159,"column":73}}]},"15":{"loc":{"start":{"line":171,"column":44},"end":{"line":171,"column":74}},"type":"cond-expr","locations":[{"start":{"line":171,"column":58},"end":{"line":171,"column":69}},{"start":{"line":171,"column":72},"end":{"line":171,"column":74}}]},"16":{"loc":{"start":{"line":175,"column":27},"end":{"line":175,"column":73}},"type":"binary-expr","locations":[{"start":{"line":175,"column":27},"end":{"line":175,"column":48}},{"start":{"line":175,"column":52},"end":{"line":175,"column":73}}]},"17":{"loc":{"start":{"line":177,"column":11},"end":{"line":182,"column":null}},"type":"binary-expr","locations":[{"start":{"line":177,"column":11},"end":{"line":177,"column":32}},{"start":{"line":178,"column":12},"end":{"line":181,"column":null}}]},"18":{"loc":{"start":{"line":179,"column":48},"end":{"line":179,"column":75}},"type":"cond-expr","locations":[{"start":{"line":179,"column":61},"end":{"line":179,"column":70}},{"start":{"line":179,"column":73},"end":{"line":179,"column":75}}]},"19":{"loc":{"start":{"line":193,"column":56},"end":{"line":193,"column":88}},"type":"cond-expr","locations":[{"start":{"line":193,"column":75},"end":{"line":193,"column":83}},{"start":{"line":193,"column":86},"end":{"line":193,"column":88}}]},"20":{"loc":{"start":{"line":211,"column":8},"end":{"line":215,"column":13}},"type":"cond-expr","locations":[{"start":{"line":212,"column":10},"end":{"line":213,"column":null}},{"start":{"line":215,"column":9},"end":{"line":215,"column":13}}]}},"s":{"0":0,"1":0,"2":0,"3":0,"4":0,"5":0,"6":0,"7":0,"8":0,"9":0,"10":0,"11":0,"12":0,"13":0,"14":0,"15":0,"16":0,"17":0,"18":0,"19":0,"20":0,"21":0,"22":0,"23":0,"24":0,"25":0,"26":0,"27":0,"28":0,"29":0,"30":0,"31":0,"32":0,"33":0,"34":0,"35":0,"36":0,"37":0,"38":0,"39":0,"40":0,"41":0,"42":0,"43":0,"44":0,"45":0,"46":0,"47":0,"48":0,"49":0,"50":0,"51":0,"52":0,"53":0,"54":0,"55":0,"56":0,"57":0,"58":0,"59":0,"60":0,"61":0,"62":0,"63":0,"64":0,"65":0,"66":0,"67":0,"68":0,"69":0,"70":0,"71":0,"72":0,"73":0,"74":0,"75":0,"76":0,"77":0,"78":0,"79":0,"80":0,"81":0,"82":0,"83":0,"84":0,"85":0,"86":0,"87":0,"88":0,"89":0,"90":0,"91":0,"92":0,"93":0,"94":0,"95":0,"96":0,"97":0,"98":0,"99":0,"100":0,"101":0,"102":0,"103":0},"f":{"0":0,"1":0,"2":0,"3":0,"4":0,"5":0,"6":0,"7":0,"8":0,"9":0,"10":0,"11":0,"12":0,"13":0,"14":0,"15":0,"16":0,"17":0,"18":0,"19":0,"20":0,"21":0},"b":{"0":[0,0],"1":[0,0],"2":[0,0],"3":[0],"4":[0],"5":[0],"6":[0,0],"7":[0],"8":[0,0],"9":[0,0],"10":[0],"11":[0,0,0,0],"12":[0],"13":[0],"14":[0],"15":[0,0],"16":[0,0],"17":[0,0],"18":[0,0],"19":[0,0],"20":[0,0]}}
,"/Users/bryannoel/Desktop/Y4S2/Final Year Project/FinalYearProject/client/src/pages/utils/fetchData.ts": {"path":"/Users/bryannoel/Desktop/Y4S2/Final Year Project/FinalYearProject/client/src/pages/utils/fetchData.ts","statementMap":{"0":{"start":{"line":1,"column":34},"end":{"line":14,"column":4}},"1":{"start":{"line":1,"column":62},"end":{"line":14,"column":4}},"2":{"start":{"line":2,"column":20},"end":{"line":2,"column":46}},"3":{"start":{"line":3,"column":21},"end":{"line":10,"column":6}},"4":{"start":{"line":12,"column":19},"end":{"line":12,"column":40}},"5":{"start":{"line":13,"column":4},"end":{"line":13,"column":23}},"6":{"start":{"line":1,"column":13},"end":{"line":1,"column":34}}},"fnMap":{"0":{"name":"(anonymous_7)","decl":{"start":{"line":1,"column":34},"end":{"line":1,"column":41}},"loc":{"start":{"line":1,"column":62},"end":{"line":14,"column":4}}},"1":{"name":"(anonymous_8)","decl":{"start":{"line":1,"column":62},"end":{"line":1,"column":null}},"loc":{"start":{"line":1,"column":62},"end":{"line":14,"column":3}}}},"branchMap":{},"s":{"0":0,"1":0,"2":0,"3":0,"4":0,"5":0,"6":0},"f":{"0":0,"1":0},"b":{}}
,"/Users/bryannoel/Desktop/Y4S2/Final Year Project/FinalYearProject/client/src/pages/utils/searchStocks.ts": {"path":"/Users/bryannoel/Desktop/Y4S2/Final Year Project/FinalYearProject/client/src/pages/utils/searchStocks.ts","statementMap":{"0":{"start":{"line":1,"column":28},"end":{"line":13,"column":2}},"1":{"start":{"line":1,"column":73},"end":{"line":13,"column":2}},"2":{"start":{"line":2,"column":4},"end":{"line":12,"column":5}},"3":{"start":{"line":3,"column":6},"end":{"line":9,"column":7}},"4":{"start":{"line":4,"column":25},"end":{"line":4,"column":125}},"5":{"start":{"line":5,"column":23},"end":{"line":5,"column":44}},"6":{"start":{"line":6,"column":8},"end":{"line":6,"column":null}},"7":{"start":{"line":8,"column":8},"end":{"line":8,"column":67}},"8":{"start":{"line":11,"column":6},"end":{"line":11,"column":25}},"9":{"start":{"line":1,"column":13},"end":{"line":1,"column":28}}},"fnMap":{"0":{"name":"(anonymous_7)","decl":{"start":{"line":1,"column":28},"end":{"line":1,"column":35}},"loc":{"start":{"line":1,"column":73},"end":{"line":13,"column":2}}},"1":{"name":"(anonymous_8)","decl":{"start":{"line":1,"column":73},"end":{"line":1,"column":null}},"loc":{"start":{"line":1,"column":73},"end":{"line":13,"column":1}}}},"branchMap":{"0":{"loc":{"start":{"line":2,"column":4},"end":{"line":12,"column":5}},"type":"if","locations":[{"start":{"line":2,"column":4},"end":{"line":12,"column":5}},{"start":{"line":10,"column":11},"end":{"line":12,"column":5}}]}},"s":{"0":0,"1":0,"2":0,"3":0,"4":0,"5":0,"6":0,"7":0,"8":0,"9":0},"f":{"0":0,"1":0},"b":{"0":[0,0]}}
,"/Users/bryannoel/Desktop/Y4S2/Final Year Project/FinalYearProject/client/src/pages/utils/utils.ts": {"path":"/Users/bryannoel/Desktop/Y4S2/Final Year Project/FinalYearProject/client/src/pages/utils/utils.ts","statementMap":{"0":{"start":{"line":1,"column":33},"end":{"line":7,"column":5}},"1":{"start":{"line":1,"column":53},"end":{"line":7,"column":5}},"2":{"start":{"line":1,"column":13},"end":{"line":1,"column":33}},"3":{"start":{"line":9,"column":34},"end":{"line":14,"column":1}},"4":{"start":{"line":10,"column":2},"end":{"line":13,"column":15}},"5":{"start":{"line":12,"column":19},"end":{"line":12,"column":63}},"6":{"start":{"line":9,"column":13},"end":{"line":9,"column":34}},"7":{"start":{"line":16,"column":47},"end":{"line":24,"column":2}},"8":{"start":{"line":16,"column":68},"end":{"line":24,"column":2}},"9":{"start":{"line":16,"column":13},"end":{"line":16,"column":47}}},"fnMap":{"0":{"name":"(anonymous_0)","decl":{"start":{"line":1,"column":33},"end":{"line":1,"column":34}},"loc":{"start":{"line":1,"column":52},"end":{"line":7,"column":5}}},"1":{"name":"(anonymous_1)","decl":{"start":{"line":9,"column":34},"end":{"line":9,"column":35}},"loc":{"start":{"line":9,"column":63},"end":{"line":14,"column":1}}},"2":{"name":"(anonymous_2)","decl":{"start":{"line":12,"column":9},"end":{"line":12,"column":10}},"loc":{"start":{"line":12,"column":19},"end":{"line":12,"column":63}}},"3":{"name":"(anonymous_3)","decl":{"start":{"line":16,"column":47},"end":{"line":16,"column":48}},"loc":{"start":{"line":16,"column":68},"end":{"line":24,"column":2}}}},"branchMap":{"0":{"loc":{"start":{"line":2,"column":10},"end":{"line":2,"column":56}},"type":"binary-expr","locations":[{"start":{"line":2,"column":10},"end":{"line":2,"column":35}},{"start":{"line":2,"column":39},"end":{"line":2,"column":56}}]},"1":{"loc":{"start":{"line":3,"column":12},"end":{"line":3,"column":40}},"type":"binary-expr","locations":[{"start":{"line":3,"column":12},"end":{"line":3,"column":31}},{"start":{"line":3,"column":35},"end":{"line":3,"column":40}}]},"2":{"loc":{"start":{"line":4,"column":11},"end":{"line":4,"column":46}},"type":"binary-expr","locations":[{"start":{"line":4,"column":11},"end":{"line":4,"column":41}},{"start":{"line":4,"column":45},"end":{"line":4,"column":46}}]},"3":{"loc":{"start":{"line":5,"column":12},"end":{"line":5,"column":71}},"type":"binary-expr","locations":[{"start":{"line":5,"column":12},"end":{"line":5,"column":66}},{"start":{"line":5,"column":70},"end":{"line":5,"column":71}}]},"4":{"loc":{"start":{"line":5,"column":23},"end":{"line":5,"column":65}},"type":"cond-expr","locations":[{"start":{"line":5,"column":42},"end":{"line":5,"column":44}},{"start":{"line":5,"column":42},"end":{"line":5,"column":65}}]},"5":{"loc":{"start":{"line":5,"column":23},"end":{"line":5,"column":44}},"type":"binary-expr","locations":[{"start":{"line":5,"column":23},"end":{"line":5,"column":44}},{"start":{"line":5,"column":42},"end":{"line":5,"column":44}}]},"6":{"loc":{"start":{"line":6,"column":19},"end":{"line":6,"column":79}},"type":"binary-expr","locations":[{"start":{"line":6,"column":19},"end":{"line":6,"column":74}},{"start":{"line":6,"column":78},"end":{"line":6,"column":79}}]},"7":{"loc":{"start":{"line":6,"column":30},"end":{"line":6,"column":73}},"type":"cond-expr","locations":[{"start":{"line":6,"column":50},"end":{"line":6,"column":52}},{"start":{"line":6,"column":50},"end":{"line":6,"column":73}}]},"8":{"loc":{"start":{"line":6,"column":30},"end":{"line":6,"column":52}},"type":"binary-expr","locations":[{"start":{"line":6,"column":30},"end":{"line":6,"column":52}},{"start":{"line":6,"column":50},"end":{"line":6,"column":52}}]},"9":{"loc":{"start":{"line":17,"column":10},"end":{"line":17,"column":44}},"type":"binary-expr","locations":[{"start":{"line":17,"column":10},"end":{"line":17,"column":35}},{"start":{"line":17,"column":39},"end":{"line":17,"column":44}}]},"10":{"loc":{"start":{"line":18,"column":15},"end":{"line":18,"column":61}},"type":"binary-expr","locations":[{"start":{"line":18,"column":15},"end":{"line":18,"column":40}},{"start":{"line":18,"column":44},"end":{"line":18,"column":61}}]},"11":{"loc":{"start":{"line":19,"column":18},"end":{"line":19,"column":63}},"type":"binary-expr","locations":[{"start":{"line":19,"column":18},"end":{"line":19,"column":58}},{"start":{"line":19,"column":62},"end":{"line":19,"column":63}}]},"12":{"loc":{"start":{"line":20,"column":13},"end":{"line":20,"column":44}},"type":"binary-expr","locations":[{"start":{"line":20,"column":13},"end":{"line":20,"column":35}},{"start":{"line":20,"column":39},"end":{"line":20,"column":44}}]},"13":{"loc":{"start":{"line":21,"column":21},"end":{"line":21,"column":69}},"type":"binary-expr","locations":[{"start":{"line":21,"column":21},"end":{"line":21,"column":64}},{"start":{"line":21,"column":68},"end":{"line":21,"column":69}}]},"14":{"loc":{"start":{"line":22,"column":16},"end":{"line":22,"column":50}},"type":"binary-expr","locations":[{"start":{"line":22,"column":16},"end":{"line":22,"column":41}},{"start":{"line":22,"column":45},"end":{"line":22,"column":50}}]},"15":{"loc":{"start":{"line":23,"column":16},"end":{"line":23,"column":59}},"type":"binary-expr","locations":[{"start":{"line":23,"column":16},"end":{"line":23,"column":54}},{"start":{"line":23,"column":58},"end":{"line":23,"column":59}}]}},"s":{"0":0,"1":0,"2":0,"3":0,"4":0,"5":0,"6":0,"7":0,"8":0,"9":0},"f":{"0":0,"1":0,"2":0,"3":0},"b":{"0":[0,0],"1":[0,0],"2":[0,0],"3":[0,0],"4":[0,0],"5":[0,0],"6":[0,0],"7":[0,0],"8":[0,0],"9":[0,0],"10":[0,0],"11":[0,0],"12":[0,0],"13":[0,0],"14":[0,0],"15":[0,0]}}
}
